ERROR - 10-05-2017 19:34:40 --> 404 Page Not Found: Login/index
ERROR - 10-05-2017 19:34:40 --> 404 Page Not Found: Login/index
ERROR - 10-05-2017 19:34:40 --> 404 Page Not Found: Login/index
ERROR - 10-05-2017 19:54:26 --> 404 Page Not Found: doctor/Dashboard/app
ERROR - 10-05-2017 19:59:53 --> Severity: Notice --> Undefined variable: action_text C:\xampp\htdocs\hts\app\controllers\doctor\Dashboard.php 92
ERROR - 10-05-2017 20:00:01 --> Severity: Notice --> Undefined variable: action_text C:\xampp\htdocs\hts\app\controllers\doctor\Dashboard.php 92
ERROR - 10-05-2017 20:00:03 --> Severity: Notice --> Undefined variable: action_text C:\xampp\htdocs\hts\app\controllers\doctor\Dashboard.php 92
ERROR - 10-05-2017 20:10:06 --> Severity: Notice --> Undefined variable: patientUsername C:\xampp\htdocs\hts\app\views\doctor\PatientLogs.php 46
ERROR - 10-05-2017 20:10:06 --> Severity: Notice --> Undefined variable: streamNumber C:\xampp\htdocs\hts\app\views\doctor\PatientLogs.php 46
ERROR - 10-05-2017 20:10:06 --> Severity: Notice --> Undefined variable: streamShareKey C:\xampp\htdocs\hts\app\views\doctor\PatientLogs.php 46
ERROR - 10-05-2017 20:10:06 --> Severity: Notice --> Undefined variable: streamName C:\xampp\htdocs\hts\app\views\doctor\PatientLogs.php 46
ERROR - 10-05-2017 20:10:06 --> Severity: Notice --> Undefined variable: patientUsername C:\xampp\htdocs\hts\app\views\doctor\PatientLogs.php 47
ERROR - 10-05-2017 20:10:06 --> Severity: Notice --> Undefined variable: streamNumber C:\xampp\htdocs\hts\app\views\doctor\PatientLogs.php 47
ERROR - 10-05-2017 20:10:06 --> Severity: Notice --> Undefined variable: streamShareKey C:\xampp\htdocs\hts\app\views\doctor\PatientLogs.php 47
ERROR - 10-05-2017 20:10:06 --> Severity: Notice --> Undefined variable: streamName C:\xampp\htdocs\hts\app\views\doctor\PatientLogs.php 47
ERROR - 10-05-2017 20:10:06 --> Severity: Notice --> Undefined variable: patientUsername C:\xampp\htdocs\hts\app\views\doctor\PatientLogs.php 49
ERROR - 10-05-2017 20:10:06 --> Severity: Notice --> Undefined variable: streamNumber C:\xampp\htdocs\hts\app\views\doctor\PatientLogs.php 49
ERROR - 10-05-2017 20:10:06 --> Severity: Notice --> Undefined variable: streamShareKey C:\xampp\htdocs\hts\app\views\doctor\PatientLogs.php 49
ERROR - 10-05-2017 20:10:07 --> 404 Page Not Found: Dashboard/patientLogs
ERROR - 10-05-2017 20:10:51 --> Severity: Notice --> Undefined variable: patientUsername C:\xampp\htdocs\hts\app\views\doctor\PatientLogs.php 46
ERROR - 10-05-2017 20:10:51 --> Severity: Notice --> Undefined variable: streamNumber C:\xampp\htdocs\hts\app\views\doctor\PatientLogs.php 46
ERROR - 10-05-2017 20:10:51 --> Severity: Notice --> Undefined variable: streamShareKey C:\xampp\htdocs\hts\app\views\doctor\PatientLogs.php 46
ERROR - 10-05-2017 20:10:51 --> Severity: Notice --> Undefined variable: streamName C:\xampp\htdocs\hts\app\views\doctor\PatientLogs.php 46
ERROR - 10-05-2017 20:10:51 --> Severity: Notice --> Undefined variable: patientUsername C:\xampp\htdocs\hts\app\views\doctor\PatientLogs.php 47
ERROR - 10-05-2017 20:10:51 --> Severity: Notice --> Undefined variable: streamNumber C:\xampp\htdocs\hts\app\views\doctor\PatientLogs.php 47
ERROR - 10-05-2017 20:10:51 --> Severity: Notice --> Undefined variable: streamShareKey C:\xampp\htdocs\hts\app\views\doctor\PatientLogs.php 47
ERROR - 10-05-2017 20:10:51 --> Severity: Notice --> Undefined variable: streamName C:\xampp\htdocs\hts\app\views\doctor\PatientLogs.php 47
ERROR - 10-05-2017 20:10:51 --> Severity: Notice --> Undefined variable: patientUsername C:\xampp\htdocs\hts\app\views\doctor\PatientLogs.php 49
ERROR - 10-05-2017 20:10:51 --> Severity: Notice --> Undefined variable: streamNumber C:\xampp\htdocs\hts\app\views\doctor\PatientLogs.php 49
ERROR - 10-05-2017 20:10:51 --> Severity: Notice --> Undefined variable: streamShareKey C:\xampp\htdocs\hts\app\views\doctor\PatientLogs.php 49
ERROR - 10-05-2017 20:10:52 --> 404 Page Not Found: Dashboard/patientLogs
ERROR - 10-05-2017 20:11:39 --> Severity: Notice --> Undefined variable: patientUsername C:\xampp\htdocs\hts\app\views\doctor\PatientLogs.php 46
ERROR - 10-05-2017 20:11:39 --> Severity: Notice --> Undefined variable: streamNumber C:\xampp\htdocs\hts\app\views\doctor\PatientLogs.php 46
ERROR - 10-05-2017 20:11:39 --> Severity: Notice --> Undefined variable: streamShareKey C:\xampp\htdocs\hts\app\views\doctor\PatientLogs.php 46
ERROR - 10-05-2017 20:11:39 --> Severity: Notice --> Undefined variable: streamName C:\xampp\htdocs\hts\app\views\doctor\PatientLogs.php 46
ERROR - 10-05-2017 20:11:39 --> Severity: Notice --> Undefined variable: patientUsername C:\xampp\htdocs\hts\app\views\doctor\PatientLogs.php 47
ERROR - 10-05-2017 20:11:39 --> Severity: Notice --> Undefined variable: streamNumber C:\xampp\htdocs\hts\app\views\doctor\PatientLogs.php 47
ERROR - 10-05-2017 20:11:39 --> Severity: Notice --> Undefined variable: streamShareKey C:\xampp\htdocs\hts\app\views\doctor\PatientLogs.php 47
ERROR - 10-05-2017 20:11:39 --> Severity: Notice --> Undefined variable: streamName C:\xampp\htdocs\hts\app\views\doctor\PatientLogs.php 47
ERROR - 10-05-2017 20:11:39 --> Severity: Notice --> Undefined variable: patientUsername C:\xampp\htdocs\hts\app\views\doctor\PatientLogs.php 49
ERROR - 10-05-2017 20:11:39 --> Severity: Notice --> Undefined variable: streamNumber C:\xampp\htdocs\hts\app\views\doctor\PatientLogs.php 49
ERROR - 10-05-2017 20:11:39 --> Severity: Notice --> Undefined variable: streamShareKey C:\xampp\htdocs\hts\app\views\doctor\PatientLogs.php 49
ERROR - 10-05-2017 20:11:41 --> 404 Page Not Found: Dashboard/patientLogs
ERROR - 10-05-2017 20:12:59 --> Severity: Notice --> Undefined variable: patientUsername C:\xampp\htdocs\hts\app\views\doctor\PatientLogs.php 46
ERROR - 10-05-2017 20:12:59 --> Severity: Notice --> Undefined variable: streamNumber C:\xampp\htdocs\hts\app\views\doctor\PatientLogs.php 46
ERROR - 10-05-2017 20:12:59 --> Severity: Notice --> Undefined variable: streamShareKey C:\xampp\htdocs\hts\app\views\doctor\PatientLogs.php 46
ERROR - 10-05-2017 20:12:59 --> Severity: Notice --> Undefined variable: streamName C:\xampp\htdocs\hts\app\views\doctor\PatientLogs.php 46
ERROR - 10-05-2017 20:12:59 --> Severity: Notice --> Undefined variable: patientUsername C:\xampp\htdocs\hts\app\views\doctor\PatientLogs.php 47
ERROR - 10-05-2017 20:12:59 --> Severity: Notice --> Undefined variable: streamNumber C:\xampp\htdocs\hts\app\views\doctor\PatientLogs.php 47
ERROR - 10-05-2017 20:12:59 --> Severity: Notice --> Undefined variable: streamShareKey C:\xampp\htdocs\hts\app\views\doctor\PatientLogs.php 47
ERROR - 10-05-2017 20:12:59 --> Severity: Notice --> Undefined variable: streamName C:\xampp\htdocs\hts\app\views\doctor\PatientLogs.php 47
ERROR - 10-05-2017 20:12:59 --> Severity: Notice --> Undefined variable: patientUsername C:\xampp\htdocs\hts\app\views\doctor\PatientLogs.php 49
ERROR - 10-05-2017 20:12:59 --> Severity: Notice --> Undefined variable: streamNumber C:\xampp\htdocs\hts\app\views\doctor\PatientLogs.php 49
ERROR - 10-05-2017 20:12:59 --> Severity: Notice --> Undefined variable: streamShareKey C:\xampp\htdocs\hts\app\views\doctor\PatientLogs.php 49
ERROR - 10-05-2017 20:13:01 --> 404 Page Not Found: Dashboard/patientLogs
ERROR - 10-05-2017 20:14:30 --> Severity: Notice --> Undefined variable: patientUsername C:\xampp\htdocs\hts\app\views\doctor\PatientLogs.php 46
ERROR - 10-05-2017 20:14:30 --> Severity: Notice --> Undefined variable: streamNumber C:\xampp\htdocs\hts\app\views\doctor\PatientLogs.php 46
ERROR - 10-05-2017 20:14:30 --> Severity: Notice --> Undefined variable: streamShareKey C:\xampp\htdocs\hts\app\views\doctor\PatientLogs.php 46
ERROR - 10-05-2017 20:14:30 --> Severity: Notice --> Undefined variable: streamName C:\xampp\htdocs\hts\app\views\doctor\PatientLogs.php 46
ERROR - 10-05-2017 20:14:30 --> Severity: Notice --> Undefined variable: patientUsername C:\xampp\htdocs\hts\app\views\doctor\PatientLogs.php 47
ERROR - 10-05-2017 20:14:30 --> Severity: Notice --> Undefined variable: streamNumber C:\xampp\htdocs\hts\app\views\doctor\PatientLogs.php 47
ERROR - 10-05-2017 20:14:30 --> Severity: Notice --> Undefined variable: streamShareKey C:\xampp\htdocs\hts\app\views\doctor\PatientLogs.php 47
ERROR - 10-05-2017 20:14:30 --> Severity: Notice --> Undefined variable: streamName C:\xampp\htdocs\hts\app\views\doctor\PatientLogs.php 47
ERROR - 10-05-2017 20:14:30 --> Severity: Notice --> Undefined variable: patientUsername C:\xampp\htdocs\hts\app\views\doctor\PatientLogs.php 49
ERROR - 10-05-2017 20:14:30 --> Severity: Notice --> Undefined variable: streamNumber C:\xampp\htdocs\hts\app\views\doctor\PatientLogs.php 49
ERROR - 10-05-2017 20:14:30 --> Severity: Notice --> Undefined variable: streamShareKey C:\xampp\htdocs\hts\app\views\doctor\PatientLogs.php 49
ERROR - 10-05-2017 20:14:31 --> 404 Page Not Found: Dashboard/patientLogs
ERROR - 10-05-2017 20:15:21 --> Severity: Notice --> Undefined variable: patientUsername C:\xampp\htdocs\hts\app\views\doctor\PatientLogs.php 46
ERROR - 10-05-2017 20:15:21 --> Severity: Notice --> Undefined variable: streamNumber C:\xampp\htdocs\hts\app\views\doctor\PatientLogs.php 46
ERROR - 10-05-2017 20:15:21 --> Severity: Notice --> Undefined variable: streamShareKey C:\xampp\htdocs\hts\app\views\doctor\PatientLogs.php 46
ERROR - 10-05-2017 20:15:21 --> Severity: Notice --> Undefined variable: streamName C:\xampp\htdocs\hts\app\views\doctor\PatientLogs.php 46
ERROR - 10-05-2017 20:15:21 --> Severity: Notice --> Undefined variable: patientUsername C:\xampp\htdocs\hts\app\views\doctor\PatientLogs.php 47
ERROR - 10-05-2017 20:15:21 --> Severity: Notice --> Undefined variable: streamNumber C:\xampp\htdocs\hts\app\views\doctor\PatientLogs.php 47
ERROR - 10-05-2017 20:15:21 --> Severity: Notice --> Undefined variable: streamShareKey C:\xampp\htdocs\hts\app\views\doctor\PatientLogs.php 47
ERROR - 10-05-2017 20:15:21 --> Severity: Notice --> Undefined variable: streamName C:\xampp\htdocs\hts\app\views\doctor\PatientLogs.php 47
ERROR - 10-05-2017 20:15:21 --> Severity: Notice --> Undefined variable: patientUsername C:\xampp\htdocs\hts\app\views\doctor\PatientLogs.php 49
ERROR - 10-05-2017 20:15:21 --> Severity: Notice --> Undefined variable: streamNumber C:\xampp\htdocs\hts\app\views\doctor\PatientLogs.php 49
ERROR - 10-05-2017 20:15:21 --> Severity: Notice --> Undefined variable: streamShareKey C:\xampp\htdocs\hts\app\views\doctor\PatientLogs.php 49
ERROR - 10-05-2017 20:15:23 --> 404 Page Not Found: Dashboard/patientLogs
ERROR - 10-05-2017 20:15:36 --> Severity: Notice --> Undefined variable: patientUsername C:\xampp\htdocs\hts\app\views\doctor\PatientLogs.php 46
ERROR - 10-05-2017 20:15:36 --> Severity: Notice --> Undefined variable: streamNumber C:\xampp\htdocs\hts\app\views\doctor\PatientLogs.php 46
ERROR - 10-05-2017 20:15:36 --> Severity: Notice --> Undefined variable: streamShareKey C:\xampp\htdocs\hts\app\views\doctor\PatientLogs.php 46
ERROR - 10-05-2017 20:15:36 --> Severity: Notice --> Undefined variable: streamName C:\xampp\htdocs\hts\app\views\doctor\PatientLogs.php 46
ERROR - 10-05-2017 20:15:36 --> Severity: Notice --> Undefined variable: patientUsername C:\xampp\htdocs\hts\app\views\doctor\PatientLogs.php 47
ERROR - 10-05-2017 20:15:36 --> Severity: Notice --> Undefined variable: streamNumber C:\xampp\htdocs\hts\app\views\doctor\PatientLogs.php 47
ERROR - 10-05-2017 20:15:36 --> Severity: Notice --> Undefined variable: streamShareKey C:\xampp\htdocs\hts\app\views\doctor\PatientLogs.php 47
ERROR - 10-05-2017 20:15:36 --> Severity: Notice --> Undefined variable: streamName C:\xampp\htdocs\hts\app\views\doctor\PatientLogs.php 47
ERROR - 10-05-2017 20:15:36 --> Severity: Notice --> Undefined variable: patientUsername C:\xampp\htdocs\hts\app\views\doctor\PatientLogs.php 49
ERROR - 10-05-2017 20:15:36 --> Severity: Notice --> Undefined variable: streamNumber C:\xampp\htdocs\hts\app\views\doctor\PatientLogs.php 49
ERROR - 10-05-2017 20:15:36 --> Severity: Notice --> Undefined variable: streamShareKey C:\xampp\htdocs\hts\app\views\doctor\PatientLogs.php 49
ERROR - 10-05-2017 20:18:07 --> Severity: Notice --> Undefined variable: patientUsername C:\xampp\htdocs\hts\app\views\doctor\PatientLogs.php 46
ERROR - 10-05-2017 20:18:07 --> Severity: Notice --> Undefined variable: streamNumber C:\xampp\htdocs\hts\app\views\doctor\PatientLogs.php 46
ERROR - 10-05-2017 20:18:07 --> Severity: Notice --> Undefined variable: streamShareKey C:\xampp\htdocs\hts\app\views\doctor\PatientLogs.php 46
ERROR - 10-05-2017 20:18:07 --> Severity: Notice --> Undefined variable: streamName C:\xampp\htdocs\hts\app\views\doctor\PatientLogs.php 46
ERROR - 10-05-2017 20:18:07 --> Severity: Notice --> Undefined variable: patientUsername C:\xampp\htdocs\hts\app\views\doctor\PatientLogs.php 47
ERROR - 10-05-2017 20:18:07 --> Severity: Notice --> Undefined variable: streamNumber C:\xampp\htdocs\hts\app\views\doctor\PatientLogs.php 47
ERROR - 10-05-2017 20:18:07 --> Severity: Notice --> Undefined variable: streamShareKey C:\xampp\htdocs\hts\app\views\doctor\PatientLogs.php 47
ERROR - 10-05-2017 20:18:07 --> Severity: Notice --> Undefined variable: streamName C:\xampp\htdocs\hts\app\views\doctor\PatientLogs.php 47
ERROR - 10-05-2017 20:18:07 --> Severity: Notice --> Undefined variable: patientUsername C:\xampp\htdocs\hts\app\views\doctor\PatientLogs.php 49
ERROR - 10-05-2017 20:18:07 --> Severity: Notice --> Undefined variable: streamNumber C:\xampp\htdocs\hts\app\views\doctor\PatientLogs.php 49
ERROR - 10-05-2017 20:18:07 --> Severity: Notice --> Undefined variable: streamShareKey C:\xampp\htdocs\hts\app\views\doctor\PatientLogs.php 49
ERROR - 10-05-2017 20:18:23 --> 404 Page Not Found: Dashboard/patientLogs
ERROR - 10-05-2017 20:18:31 --> Severity: Notice --> Undefined variable: patientUsername C:\xampp\htdocs\hts\app\views\doctor\PatientLogs.php 46
ERROR - 10-05-2017 20:18:31 --> Severity: Notice --> Undefined variable: streamNumber C:\xampp\htdocs\hts\app\views\doctor\PatientLogs.php 46
ERROR - 10-05-2017 20:18:31 --> Severity: Notice --> Undefined variable: streamShareKey C:\xampp\htdocs\hts\app\views\doctor\PatientLogs.php 46
ERROR - 10-05-2017 20:18:31 --> Severity: Notice --> Undefined variable: streamName C:\xampp\htdocs\hts\app\views\doctor\PatientLogs.php 46
ERROR - 10-05-2017 20:18:31 --> Severity: Notice --> Undefined variable: patientUsername C:\xampp\htdocs\hts\app\views\doctor\PatientLogs.php 47
ERROR - 10-05-2017 20:18:31 --> Severity: Notice --> Undefined variable: streamNumber C:\xampp\htdocs\hts\app\views\doctor\PatientLogs.php 47
ERROR - 10-05-2017 20:18:31 --> Severity: Notice --> Undefined variable: streamShareKey C:\xampp\htdocs\hts\app\views\doctor\PatientLogs.php 47
ERROR - 10-05-2017 20:18:31 --> Severity: Notice --> Undefined variable: streamName C:\xampp\htdocs\hts\app\views\doctor\PatientLogs.php 47
ERROR - 10-05-2017 20:18:31 --> Severity: Notice --> Undefined variable: patientUsername C:\xampp\htdocs\hts\app\views\doctor\PatientLogs.php 49
ERROR - 10-05-2017 20:18:31 --> Severity: Notice --> Undefined variable: streamNumber C:\xampp\htdocs\hts\app\views\doctor\PatientLogs.php 49
ERROR - 10-05-2017 20:18:31 --> Severity: Notice --> Undefined variable: streamShareKey C:\xampp\htdocs\hts\app\views\doctor\PatientLogs.php 49
ERROR - 10-05-2017 20:18:36 --> Severity: Notice --> Undefined variable: patientUsername C:\xampp\htdocs\hts\app\views\doctor\PatientLogs.php 46
ERROR - 10-05-2017 20:18:36 --> Severity: Notice --> Undefined variable: streamNumber C:\xampp\htdocs\hts\app\views\doctor\PatientLogs.php 46
ERROR - 10-05-2017 20:18:36 --> Severity: Notice --> Undefined variable: streamShareKey C:\xampp\htdocs\hts\app\views\doctor\PatientLogs.php 46
ERROR - 10-05-2017 20:18:36 --> Severity: Notice --> Undefined variable: streamName C:\xampp\htdocs\hts\app\views\doctor\PatientLogs.php 46
ERROR - 10-05-2017 20:18:36 --> Severity: Notice --> Undefined variable: patientUsername C:\xampp\htdocs\hts\app\views\doctor\PatientLogs.php 47
ERROR - 10-05-2017 20:18:36 --> Severity: Notice --> Undefined variable: streamNumber C:\xampp\htdocs\hts\app\views\doctor\PatientLogs.php 47
ERROR - 10-05-2017 20:18:36 --> Severity: Notice --> Undefined variable: streamShareKey C:\xampp\htdocs\hts\app\views\doctor\PatientLogs.php 47
ERROR - 10-05-2017 20:18:36 --> Severity: Notice --> Undefined variable: streamName C:\xampp\htdocs\hts\app\views\doctor\PatientLogs.php 47
ERROR - 10-05-2017 20:18:36 --> Severity: Notice --> Undefined variable: patientUsername C:\xampp\htdocs\hts\app\views\doctor\PatientLogs.php 49
ERROR - 10-05-2017 20:18:36 --> Severity: Notice --> Undefined variable: streamNumber C:\xampp\htdocs\hts\app\views\doctor\PatientLogs.php 49
ERROR - 10-05-2017 20:18:36 --> Severity: Notice --> Undefined variable: streamShareKey C:\xampp\htdocs\hts\app\views\doctor\PatientLogs.php 49
ERROR - 10-05-2017 20:19:50 --> Severity: Notice --> Undefined variable: patientUsername C:\xampp\htdocs\hts\app\views\doctor\PatientLogs.php 46
ERROR - 10-05-2017 20:19:50 --> Severity: Notice --> Undefined variable: streamNumber C:\xampp\htdocs\hts\app\views\doctor\PatientLogs.php 46
ERROR - 10-05-2017 20:19:50 --> Severity: Notice --> Undefined variable: streamShareKey C:\xampp\htdocs\hts\app\views\doctor\PatientLogs.php 46
ERROR - 10-05-2017 20:19:50 --> Severity: Notice --> Undefined variable: streamName C:\xampp\htdocs\hts\app\views\doctor\PatientLogs.php 46
ERROR - 10-05-2017 20:19:50 --> Severity: Notice --> Undefined variable: patientUsername C:\xampp\htdocs\hts\app\views\doctor\PatientLogs.php 47
ERROR - 10-05-2017 20:19:50 --> Severity: Notice --> Undefined variable: streamNumber C:\xampp\htdocs\hts\app\views\doctor\PatientLogs.php 47
ERROR - 10-05-2017 20:19:50 --> Severity: Notice --> Undefined variable: streamShareKey C:\xampp\htdocs\hts\app\views\doctor\PatientLogs.php 47
ERROR - 10-05-2017 20:19:50 --> Severity: Notice --> Undefined variable: streamName C:\xampp\htdocs\hts\app\views\doctor\PatientLogs.php 47
ERROR - 10-05-2017 20:19:50 --> Severity: Notice --> Undefined variable: patientUsername C:\xampp\htdocs\hts\app\views\doctor\PatientLogs.php 49
ERROR - 10-05-2017 20:19:50 --> Severity: Notice --> Undefined variable: streamNumber C:\xampp\htdocs\hts\app\views\doctor\PatientLogs.php 49
ERROR - 10-05-2017 20:19:50 --> Severity: Notice --> Undefined variable: streamShareKey C:\xampp\htdocs\hts\app\views\doctor\PatientLogs.php 49
ERROR - 10-05-2017 20:21:43 --> Severity: Notice --> Undefined variable: patientUsername C:\xampp\htdocs\hts\app\views\doctor\PatientLogs.php 46
ERROR - 10-05-2017 20:21:43 --> Severity: Notice --> Undefined variable: streamNumber C:\xampp\htdocs\hts\app\views\doctor\PatientLogs.php 46
ERROR - 10-05-2017 20:21:43 --> Severity: Notice --> Undefined variable: streamShareKey C:\xampp\htdocs\hts\app\views\doctor\PatientLogs.php 46
ERROR - 10-05-2017 20:21:43 --> Severity: Notice --> Undefined variable: streamName C:\xampp\htdocs\hts\app\views\doctor\PatientLogs.php 46
ERROR - 10-05-2017 20:21:43 --> Severity: Notice --> Undefined variable: patientUsername C:\xampp\htdocs\hts\app\views\doctor\PatientLogs.php 47
ERROR - 10-05-2017 20:21:43 --> Severity: Notice --> Undefined variable: streamNumber C:\xampp\htdocs\hts\app\views\doctor\PatientLogs.php 47
ERROR - 10-05-2017 20:21:43 --> Severity: Notice --> Undefined variable: streamShareKey C:\xampp\htdocs\hts\app\views\doctor\PatientLogs.php 47
ERROR - 10-05-2017 20:21:43 --> Severity: Notice --> Undefined variable: streamName C:\xampp\htdocs\hts\app\views\doctor\PatientLogs.php 47
ERROR - 10-05-2017 20:21:43 --> Severity: Notice --> Undefined variable: patientUsername C:\xampp\htdocs\hts\app\views\doctor\PatientLogs.php 49
ERROR - 10-05-2017 20:21:43 --> Severity: Notice --> Undefined variable: streamNumber C:\xampp\htdocs\hts\app\views\doctor\PatientLogs.php 49
ERROR - 10-05-2017 20:21:43 --> Severity: Notice --> Undefined variable: streamShareKey C:\xampp\htdocs\hts\app\views\doctor\PatientLogs.php 49
ERROR - 10-05-2017 20:22:07 --> Severity: Notice --> Undefined variable: patientUsername C:\xampp\htdocs\hts\app\views\doctor\PatientLogs.php 46
ERROR - 10-05-2017 20:22:07 --> Severity: Notice --> Undefined variable: streamNumber C:\xampp\htdocs\hts\app\views\doctor\PatientLogs.php 46
ERROR - 10-05-2017 20:22:07 --> Severity: Notice --> Undefined variable: streamShareKey C:\xampp\htdocs\hts\app\views\doctor\PatientLogs.php 46
ERROR - 10-05-2017 20:22:07 --> Severity: Notice --> Undefined variable: streamName C:\xampp\htdocs\hts\app\views\doctor\PatientLogs.php 46
ERROR - 10-05-2017 20:22:07 --> Severity: Notice --> Undefined variable: patientUsername C:\xampp\htdocs\hts\app\views\doctor\PatientLogs.php 47
ERROR - 10-05-2017 20:22:07 --> Severity: Notice --> Undefined variable: streamNumber C:\xampp\htdocs\hts\app\views\doctor\PatientLogs.php 47
ERROR - 10-05-2017 20:22:07 --> Severity: Notice --> Undefined variable: streamShareKey C:\xampp\htdocs\hts\app\views\doctor\PatientLogs.php 47
ERROR - 10-05-2017 20:22:07 --> Severity: Notice --> Undefined variable: streamName C:\xampp\htdocs\hts\app\views\doctor\PatientLogs.php 47
ERROR - 10-05-2017 20:22:07 --> Severity: Notice --> Undefined variable: patientUsername C:\xampp\htdocs\hts\app\views\doctor\PatientLogs.php 49
ERROR - 10-05-2017 20:22:07 --> Severity: Notice --> Undefined variable: streamNumber C:\xampp\htdocs\hts\app\views\doctor\PatientLogs.php 49
ERROR - 10-05-2017 20:22:07 --> Severity: Notice --> Undefined variable: streamShareKey C:\xampp\htdocs\hts\app\views\doctor\PatientLogs.php 49
ERROR - 10-05-2017 20:23:48 --> Severity: Notice --> Undefined variable: patientUsername C:\xampp\htdocs\hts\app\views\doctor\PatientLogs.php 46
ERROR - 10-05-2017 20:23:48 --> Severity: Notice --> Undefined variable: streamNumber C:\xampp\htdocs\hts\app\views\doctor\PatientLogs.php 46
ERROR - 10-05-2017 20:23:48 --> Severity: Notice --> Undefined variable: streamShareKey C:\xampp\htdocs\hts\app\views\doctor\PatientLogs.php 46
ERROR - 10-05-2017 20:23:48 --> Severity: Notice --> Undefined variable: streamName C:\xampp\htdocs\hts\app\views\doctor\PatientLogs.php 46
ERROR - 10-05-2017 20:23:48 --> Severity: Notice --> Undefined variable: patientUsername C:\xampp\htdocs\hts\app\views\doctor\PatientLogs.php 47
ERROR - 10-05-2017 20:23:48 --> Severity: Notice --> Undefined variable: streamNumber C:\xampp\htdocs\hts\app\views\doctor\PatientLogs.php 47
ERROR - 10-05-2017 20:23:48 --> Severity: Notice --> Undefined variable: streamShareKey C:\xampp\htdocs\hts\app\views\doctor\PatientLogs.php 47
ERROR - 10-05-2017 20:23:48 --> Severity: Notice --> Undefined variable: streamName C:\xampp\htdocs\hts\app\views\doctor\PatientLogs.php 47
ERROR - 10-05-2017 20:23:48 --> Severity: Notice --> Undefined variable: patientUsername C:\xampp\htdocs\hts\app\views\doctor\PatientLogs.php 49
ERROR - 10-05-2017 20:23:48 --> Severity: Notice --> Undefined variable: streamNumber C:\xampp\htdocs\hts\app\views\doctor\PatientLogs.php 49
ERROR - 10-05-2017 20:23:48 --> Severity: Notice --> Undefined variable: streamShareKey C:\xampp\htdocs\hts\app\views\doctor\PatientLogs.php 49
