ERROR - 02-05-2017 10:48:35 --> Severity: Runtime Notice --> Only variables should be passed by reference C:\xampp\htdocs\hts\app\models\live\Parameters.php 30
ERROR - 02-05-2017 10:30:39 --> Severity: Parsing Error --> syntax error, unexpected '}' C:\xampp\htdocs\hts\app\controllers\doctor\Dashboard.php 157
ERROR - 02-05-2017 10:30:39 --> Severity: Parsing Error --> syntax error, unexpected '}' C:\xampp\htdocs\hts\app\controllers\doctor\Dashboard.php 157
ERROR - 02-05-2017 10:30:40 --> Severity: Parsing Error --> syntax error, unexpected '}' C:\xampp\htdocs\hts\app\controllers\doctor\Dashboard.php 157
ERROR - 02-05-2017 10:30:41 --> Severity: Parsing Error --> syntax error, unexpected '}' C:\xampp\htdocs\hts\app\controllers\doctor\Dashboard.php 157
ERROR - 02-05-2017 10:31:13 --> Severity: Parsing Error --> syntax error, unexpected '}' C:\xampp\htdocs\hts\app\controllers\doctor\Dashboard.php 157
ERROR - 02-05-2017 10:32:14 --> Severity: Parsing Error --> syntax error, unexpected '}' C:\xampp\htdocs\hts\app\controllers\doctor\Dashboard.php 157
ERROR - 02-05-2017 10:32:16 --> Severity: Parsing Error --> syntax error, unexpected '}' C:\xampp\htdocs\hts\app\controllers\doctor\Dashboard.php 157
ERROR - 02-05-2017 10:32:20 --> Could not find the language line "menu_left_item_5"
ERROR - 02-05-2017 10:34:00 --> Could not find the language line "menu_left_item_5"
ERROR - 02-05-2017 10:34:02 --> Severity: error --> Exception: C:\xampp\htdocs\hts\app\models/live/PatientLogSchedules.php exists, but doesn't declare class PatientLogSchedules C:\xampp\htdocs\hts\sys\core\Loader.php 336
ERROR - 02-05-2017 10:34:09 --> Severity: error --> Exception: C:\xampp\htdocs\hts\app\models/live/PatientLogSchedules.php exists, but doesn't declare class PatientLogSchedules C:\xampp\htdocs\hts\sys\core\Loader.php 336
ERROR - 02-05-2017 10:52:09 --> Severity: error --> Exception: C:\xampp\htdocs\hts\app\models/live/PatientLogSchedules.php exists, but doesn't declare class PatientLogSchedules C:\xampp\htdocs\hts\sys\core\Loader.php 336
ERROR - 02-05-2017 10:54:54 --> Severity: error --> Exception: C:\xampp\htdocs\hts\app\models/live/Patientlogschedules.php exists, but doesn't declare class Patientlogschedules C:\xampp\htdocs\hts\sys\core\Loader.php 336
ERROR - 02-05-2017 10:58:19 --> Severity: error --> Exception: C:\xampp\htdocs\hts\app\models/live/Patientlogschedules.php exists, but doesn't declare class Patientlogschedules C:\xampp\htdocs\hts\sys\core\Loader.php 336
ERROR - 02-05-2017 11:00:25 --> Severity: error --> Exception: C:\xampp\htdocs\hts\app\models/live/Patientlogschedules.php exists, but doesn't declare class Patientlogschedules C:\xampp\htdocs\hts\sys\core\Loader.php 336
ERROR - 02-05-2017 11:00:29 --> Severity: error --> Exception: C:\xampp\htdocs\hts\app\models/live/Patientlogschedules.php exists, but doesn't declare class Patientlogschedules C:\xampp\htdocs\hts\sys\core\Loader.php 336
ERROR - 02-05-2017 11:00:39 --> Severity: error --> Exception: C:\xampp\htdocs\hts\app\models/live/Patientlogschedules.php exists, but doesn't declare class Patientlogschedules C:\xampp\htdocs\hts\sys\core\Loader.php 336
ERROR - 02-05-2017 11:01:10 --> Severity: error --> Exception: C:\xampp\htdocs\hts\app\models/live/Patientlogschedules.php exists, but doesn't declare class Patientlogschedules C:\xampp\htdocs\hts\sys\core\Loader.php 336
ERROR - 02-05-2017 11:01:55 --> Severity: error --> Exception: C:\xampp\htdocs\hts\app\models/live/Patientlogschedules.php exists, but doesn't declare class Patientlogschedules C:\xampp\htdocs\hts\sys\core\Loader.php 336
ERROR - 02-05-2017 11:02:29 --> Severity: error --> Exception: C:\xampp\htdocs\hts\app\models/live/Patientlogschedules.php exists, but doesn't declare class Patientlogschedules C:\xampp\htdocs\hts\sys\core\Loader.php 336
ERROR - 02-05-2017 11:03:55 --> Severity: error --> Exception: C:\xampp\htdocs\hts\app\models/live/Patientlogschedules.php exists, but doesn't declare class Patientlogschedules C:\xampp\htdocs\hts\sys\core\Loader.php 336
ERROR - 02-05-2017 11:04:15 --> Severity: error --> Exception: C:\xampp\htdocs\hts\app\models/live/Patientlogschedules.php exists, but doesn't declare class Patientlogschedules C:\xampp\htdocs\hts\sys\core\Loader.php 336
ERROR - 02-05-2017 11:05:47 --> Severity: Error --> Call to undefined method CI_Lang::lang() C:\xampp\htdocs\hts\app\controllers\doctor\Dashboard.php 159
ERROR - 02-05-2017 12:52:11 --> 404 Page Not Found: Dashboard/app
ERROR - 02-05-2017 12:52:11 --> 404 Page Not Found: Dashboard/app
ERROR - 02-05-2017 13:21:02 --> Severity: Notice --> Undefined property: stdClass::$DEVICE_HOST C:\xampp\htdocs\hts\app\views\doctor\PatientLogSchedules.php 20
ERROR - 02-05-2017 16:12:21 --> Query error: Table 'hts_syscore.hts_parameters' doesn't exist - Invalid query: SELECT `PARAMETER_VALUE`
FROM `hts_parameters`
WHERE `SCREEN_NAME` = 'HTS_PARAMS'
AND `FIELD_NAME` = 'HTS_SESSION'
AND `PARAMETER_KEY` = 'USER_SESSION_TIMEOUT'
ERROR - 02-05-2017 16:15:24 --> Query error: Table 'hts_syscore.hts_parameters' doesn't exist - Invalid query: SELECT `PARAMETER_VALUE`
FROM `hts_parameters`
WHERE `SCREEN_NAME` = 'HTS_PARAMS'
AND `FIELD_NAME` = 'HTS_SESSION'
AND `PARAMETER_KEY` = 'USER_SESSION_TIMEOUT'
ERROR - 02-05-2017 20:21:24 --> Query error: Table 'hts_syscore.hts_patient_tracking_devices' doesn't exist - Invalid query: SELECT d.*, p.PATIENT_NAME, p.PATIENT_SURNAME FROM hts_patient_tracking_devices d, hts_patients p WHERE d.PATIENT_ID = p.ID ORDER BY p.PATIENT_NAME;
ERROR - 02-05-2017 20:21:27 --> Query error: Table 'hts_syscore.hts_patient_tracking_devices' doesn't exist - Invalid query: SELECT d.DEVICE_HOST, d.DEVICE_PORT, l.* FROM hts_patient_tracking_devices d, hts_log_schedules l WHERE d.ID = l.DEVICE_ID ORDER BY d.DEVICE_HOST;
ERROR - 02-05-2017 20:21:42 --> Query error: Table 'hts_syscore.hts_patient_tracking_devices' doesn't exist - Invalid query: SELECT d.*, p.PATIENT_NAME, p.PATIENT_SURNAME FROM hts_patient_tracking_devices d, hts_patients p WHERE d.PATIENT_ID = p.ID ORDER BY p.PATIENT_NAME;
ERROR - 02-05-2017 20:21:45 --> Query error: Table 'hts_syscore.hts_patient_tracking_devices' doesn't exist - Invalid query: SELECT d.*, p.PATIENT_NAME, p.PATIENT_SURNAME FROM hts_patient_tracking_devices d, hts_patients p WHERE d.PATIENT_ID = p.ID ORDER BY p.PATIENT_NAME;
ERROR - 02-05-2017 20:21:46 --> Query error: Table 'hts_syscore.hts_patient_tracking_devices' doesn't exist - Invalid query: SELECT d.DEVICE_HOST, d.DEVICE_PORT, l.* FROM hts_patient_tracking_devices d, hts_log_schedules l WHERE d.ID = l.DEVICE_ID ORDER BY d.DEVICE_HOST;
ERROR - 02-05-2017 20:22:45 --> Query error: Table 'hts_syscore.hts_patient_tracking_devices' doesn't exist - Invalid query: SELECT d.*, p.PATIENT_NAME, p.PATIENT_SURNAME FROM hts_patient_tracking_devices d, hts_patients p WHERE d.PATIENT_ID = p.ID ORDER BY p.PATIENT_NAME;
ERROR - 02-05-2017 20:23:02 --> Query error: Table 'hts_syscore.hts_patient_tracking_devices' doesn't exist - Invalid query: SELECT d.DEVICE_HOST, d.DEVICE_PORT, l.* FROM hts_patient_tracking_devices d, hts_log_schedules l WHERE d.ID = l.DEVICE_ID ORDER BY d.DEVICE_HOST;
ERROR - 02-05-2017 20:23:06 --> Query error: Table 'hts_syscore.hts_patient_tracking_devices' doesn't exist - Invalid query: SELECT d.DEVICE_HOST, d.DEVICE_PORT, l.* FROM hts_patient_tracking_devices d, hts_log_schedules l WHERE d.ID = l.DEVICE_ID ORDER BY d.DEVICE_HOST;
ERROR - 02-05-2017 20:24:35 --> Query error: Table 'hts_syscore.hts_patient_tracking_devices' doesn't exist - Invalid query: SELECT d.*, p.PATIENT_NAME, p.PATIENT_SURNAME FROM hts_patient_tracking_devices d, hts_patients p WHERE d.PATIENT_ID = p.ID ORDER BY p.PATIENT_NAME;
ERROR - 02-05-2017 20:24:40 --> Query error: Table 'hts_syscore.hts_patient_tracking_devices' doesn't exist - Invalid query: SELECT d.*, p.PATIENT_NAME, p.PATIENT_SURNAME FROM hts_patient_tracking_devices d, hts_patients p WHERE d.PATIENT_ID = p.ID ORDER BY p.PATIENT_NAME;
ERROR - 02-05-2017 20:37:45 --> Severity: Warning --> mysqli::real_connect(): php_network_getaddresses: getaddrinfo failed: No such host is known.  C:\xampp\htdocs\hts\sys\database\drivers\mysqli\mysqli_driver.php 201
ERROR - 02-05-2017 20:37:45 --> Severity: Warning --> mysqli::real_connect(): (HY000/2002): php_network_getaddresses: getaddrinfo failed: No such host is known.  C:\xampp\htdocs\hts\sys\database\drivers\mysqli\mysqli_driver.php 201
ERROR - 02-05-2017 20:37:45 --> Unable to connect to the database
ERROR - 02-05-2017 20:37:49 --> Severity: Warning --> mysqli::real_connect(): php_network_getaddresses: getaddrinfo failed: No such host is known.  C:\xampp\htdocs\hts\sys\database\drivers\mysqli\mysqli_driver.php 201
ERROR - 02-05-2017 20:37:49 --> Severity: Warning --> mysqli::real_connect(): (HY000/2002): php_network_getaddresses: getaddrinfo failed: No such host is known.  C:\xampp\htdocs\hts\sys\database\drivers\mysqli\mysqli_driver.php 201
ERROR - 02-05-2017 20:37:49 --> Unable to connect to the database
ERROR - 02-05-2017 20:38:36 --> Severity: Warning --> mysqli::real_connect(): php_network_getaddresses: getaddrinfo failed: No such host is known.  C:\xampp\htdocs\hts\sys\database\drivers\mysqli\mysqli_driver.php 201
ERROR - 02-05-2017 20:38:36 --> Severity: Warning --> mysqli::real_connect(): (HY000/2002): php_network_getaddresses: getaddrinfo failed: No such host is known.  C:\xampp\htdocs\hts\sys\database\drivers\mysqli\mysqli_driver.php 201
ERROR - 02-05-2017 20:38:36 --> Unable to connect to the database
