ERROR - 20-05-2017 17:43:40 --> Could not find the language line "home_about_project_rasppi_title"
ERROR - 20-05-2017 17:43:40 --> Could not find the language line "home_about_project_rasppi_text"
ERROR - 20-05-2017 17:43:40 --> Could not find the language line "home_about_project_plotly_title"
ERROR - 20-05-2017 17:43:40 --> Could not find the language line "home_about_project_plotly_text"
ERROR - 20-05-2017 19:31:04 --> Could not find the language line "home_about_system_apache_title"
ERROR - 20-05-2017 19:31:04 --> Could not find the language line "home_about_system_apache_text"
ERROR - 20-05-2017 19:31:04 --> Could not find the language line "home_about_system_php_title"
ERROR - 20-05-2017 19:31:04 --> Could not find the language line "home_about_system_php_text"
ERROR - 20-05-2017 19:31:04 --> Could not find the language line "home_about_system_mysql_title"
ERROR - 20-05-2017 19:31:04 --> Could not find the language line "home_about_system_mysql_text"
ERROR - 20-05-2017 19:31:04 --> Could not find the language line "home_about_system_codeig_title"
ERROR - 20-05-2017 19:31:04 --> Could not find the language line "home_about_system_codeig_text"
ERROR - 20-05-2017 19:31:04 --> Could not find the language line "home_about_system_rasppi_title"
ERROR - 20-05-2017 19:31:04 --> Could not find the language line "home_about_system_rasppi_text"
ERROR - 20-05-2017 19:31:04 --> Could not find the language line "home_about_system_plotly_title"
ERROR - 20-05-2017 19:31:04 --> Could not find the language line "home_about_system_plotly_text"
ERROR - 20-05-2017 19:31:04 --> Could not find the language line "home_about_system_tool_title"
ERROR - 20-05-2017 19:31:04 --> Could not find the language line "home_about_system_tool_text"
ERROR - 20-05-2017 19:31:04 --> Could not find the language line "home_about_system_atom_title"
ERROR - 20-05-2017 19:31:04 --> Could not find the language line "home_about_system_atom_text"
ERROR - 20-05-2017 19:31:04 --> Could not find the language line "home_about_system_browser_title"
ERROR - 20-05-2017 19:31:04 --> Could not find the language line "home_about_system_browser_text"
ERROR - 20-05-2017 19:31:04 --> Could not find the language line "home_about_system_xampp_title"
ERROR - 20-05-2017 19:31:04 --> Could not find the language line "home_about_system_xampp_text"
ERROR - 20-05-2017 19:31:04 --> Could not find the language line "home_about_system_pma_title"
ERROR - 20-05-2017 19:31:04 --> Could not find the language line "home_about_system_pma_text"
ERROR - 20-05-2017 19:31:04 --> Could not find the language line "home_about_system_pyidle_title"
ERROR - 20-05-2017 19:31:04 --> Could not find the language line "home_about_system_pyidle_text"
ERROR - 20-05-2017 19:31:04 --> Could not find the language line "home_about_system_rdp_title"
ERROR - 20-05-2017 19:31:04 --> Could not find the language line "home_about_system_rdp_text"
ERROR - 20-05-2017 19:31:04 --> Could not find the language line "home_about_system_fzlla_title"
ERROR - 20-05-2017 19:31:04 --> Could not find the language line "home_about_system_fzlla_text"
ERROR - 20-05-2017 19:31:04 --> Could not find the language line "home_about_system_git_title"
ERROR - 20-05-2017 19:31:04 --> Could not find the language line "home_about_system_git_text"
ERROR - 20-05-2017 19:43:26 --> Could not find the language line "home_about_app_title"
ERROR - 20-05-2017 19:43:26 --> Could not find the language line "home_about_app_text"
ERROR - 20-05-2017 19:43:30 --> Could not find the language line "home_about_app_title"
ERROR - 20-05-2017 19:43:30 --> Could not find the language line "home_about_app_text"
ERROR - 20-05-2017 19:43:34 --> Could not find the language line "home_about_app_title"
ERROR - 20-05-2017 19:43:34 --> Could not find the language line "home_about_app_text"
