ERROR - 05-05-2017 20:07:50 --> 404 Page Not Found: doctor/Dashboard/app
ERROR - 05-05-2017 20:07:50 --> 404 Page Not Found: doctor/Dashboard/app
ERROR - 05-05-2017 20:07:56 --> 404 Page Not Found: doctor/App/js
ERROR - 05-05-2017 20:08:10 --> Severity: Notice --> Undefined variable: page_number C:\xampp\htdocs\hts\app\views\doctor\DeviceInformations.php 14
ERROR - 05-05-2017 20:08:10 --> Severity: Notice --> Undefined variable: records_per_page C:\xampp\htdocs\hts\app\views\doctor\DeviceInformations.php 14
ERROR - 05-05-2017 20:08:10 --> Severity: Notice --> Undefined variable: query C:\xampp\htdocs\hts\app\views\doctor\DeviceInformations.php 15
ERROR - 05-05-2017 20:08:10 --> Severity: Error --> Call to a member function data_seek() on null C:\xampp\htdocs\hts\app\views\doctor\DeviceInformations.php 15
ERROR - 05-05-2017 20:28:35 --> Query error: Unknown column 'ok_id' in 'field list' - Invalid query: UPDATE `hts_live`.`hts_patient_tracking_devices` SET `ok_id` = '1', `ok_patient` = 'İlayda Duygu MENZİLCİ', `ok_name` = 'Raspberry PI 3 - WIFI', `ok_desc` = 'İzleme cihazı.', `ok_mac` = 'B8:27:EB:CE:F9:4C', `ok_host` = '192.168.1.103', `ok_port` = '3392'
WHERE `ID` = '1'
ERROR - 05-05-2017 20:29:15 --> Query error: Unknown column 'ok_id' in 'field list' - Invalid query: UPDATE `hts_live`.`hts_patient_tracking_devices` SET `ok_id` = '1', `ok_patient` = 'İlayda Duygu MENZİLCİ', `ok_name` = 'Raspberry PI 3 - WIFI', `ok_desc` = 'İzleme cihazı.', `ok_mac` = 'B8:27:EB:CE:F9:4C', `ok_host` = '192.168.1.103', `ok_port` = '3392'
WHERE `ID` = '1'
ERROR - 05-05-2017 20:30:51 --> Query error: Unknown column 'ok_id' in 'field list' - Invalid query: INSERT INTO `hts_live`.`hts_patient_tracking_devices` (`ok_id`, `ok_patient`, `ok_name`, `ok_desc`, `ok_mac`, `ok_host`, `ok_port`) VALUES ('temp', 'İlayda Duygu MENZİLCİ', 'Raspberry PI 3 - WIFI', 'İzleme cihazı.', 'B8:27:EB:CE:F9:4C', '192.168.1.103', '3392')
ERROR - 05-05-2017 20:54:15 --> Could not find the language line "param_action_insert"
ERROR - 05-05-2017 20:54:15 --> Could not find the language line "action_success"
ERROR - 05-05-2017 20:59:42 --> Could not find the language line "param_action_insert"
ERROR - 05-05-2017 20:59:42 --> Could not find the language line "action_success"
ERROR - 05-05-2017 21:03:58 --> 404 Page Not Found: doctor/App/js
ERROR - 05-05-2017 21:04:18 --> 404 Page Not Found: doctor/App/js
ERROR - 05-05-2017 22:03:45 --> Severity: Error --> Call to a member function fetch_assoc() on array C:\xampp\htdocs\hts\app\views\doctor\DeviceInformations.php 23
ERROR - 05-05-2017 22:03:47 --> Severity: Error --> Call to a member function fetch_assoc() on array C:\xampp\htdocs\hts\app\views\doctor\DeviceInformations.php 23
ERROR - 05-05-2017 22:03:48 --> 404 Page Not Found: doctor/App/js
ERROR - 05-05-2017 22:03:49 --> Severity: Error --> Call to a member function fetch_assoc() on array C:\xampp\htdocs\hts\app\views\doctor\DeviceInformations.php 23
ERROR - 05-05-2017 22:03:51 --> 404 Page Not Found: doctor/App/js
ERROR - 05-05-2017 22:03:52 --> Severity: Error --> Call to a member function fetch_assoc() on array C:\xampp\htdocs\hts\app\views\doctor\DeviceInformations.php 23
ERROR - 05-05-2017 22:04:51 --> 404 Page Not Found: doctor/App/js
ERROR - 05-05-2017 22:05:01 --> Severity: Error --> Call to a member function fetch_assoc() on array C:\xampp\htdocs\hts\app\views\doctor\DeviceInformations.php 23
ERROR - 05-05-2017 22:47:42 --> Severity: Notice --> Undefined variable: data C:\xampp\htdocs\hts\app\core\HTS_Model.php 75
ERROR - 05-05-2017 22:47:42 --> Severity: Notice --> Undefined variable: data C:\xampp\htdocs\hts\app\core\HTS_Model.php 75
ERROR - 05-05-2017 23:07:28 --> 404 Page Not Found: doctor/App/js
ERROR - 05-05-2017 23:07:29 --> 404 Page Not Found: doctor/App/js
ERROR - 05-05-2017 23:07:30 --> 404 Page Not Found: doctor/App/js
ERROR - 05-05-2017 23:07:30 --> 404 Page Not Found: doctor/App/js
ERROR - 05-05-2017 23:07:33 --> 404 Page Not Found: doctor/App/js
ERROR - 05-05-2017 23:16:42 --> 404 Page Not Found: doctor/App/js
ERROR - 05-05-2017 23:16:43 --> 404 Page Not Found: doctor/App/js
ERROR - 05-05-2017 23:16:44 --> 404 Page Not Found: doctor/App/js
