ERROR - 06-05-2017 18:54:36 --> Severity: Parsing Error --> syntax error, unexpected '=>' (T_DOUBLE_ARROW), expecting ',' or ';' C:\xampp\htdocs\hts\app\controllers\doctor\Dashboard.php 169
ERROR - 06-05-2017 18:55:10 --> Severity: Notice --> Array to string conversion C:\xampp\htdocs\hts\app\controllers\doctor\Dashboard.php 169
ERROR - 06-05-2017 19:11:19 --> Severity: Notice --> Array to string conversion C:\xampp\htdocs\hts\app\controllers\doctor\Dashboard.php 168
ERROR - 06-05-2017 19:23:46 --> 404 Page Not Found: doctor/App/js
ERROR - 06-05-2017 21:30:02 --> Login işlemi başarısız oldu! Kullanıcı adı, e-posta veya parola geçersiz!
ERROR - 06-05-2017 21:30:02 --> Severity: Notice --> Undefined variable: title C:\xampp\htdocs\hts\app\views\templates\content_top.php 9
ERROR - 06-05-2017 20:42:00 --> 404 Page Not Found: doctor/App/js
ERROR - 06-05-2017 20:59:15 --> 404 Page Not Found: doctor/App/js
ERROR - 06-05-2017 20:59:16 --> 404 Page Not Found: doctor/App/js
ERROR - 06-05-2017 21:00:43 --> Severity: Notice --> Undefined variable: query C:\xampp\htdocs\hts\app\views\doctor\PatientInformations.php 16
ERROR - 06-05-2017 21:00:43 --> Severity: Error --> Call to a member function data_seek() on null C:\xampp\htdocs\hts\app\views\doctor\PatientInformations.php 16
ERROR - 06-05-2017 21:05:36 --> Severity: Notice --> Undefined variable: query C:\xampp\htdocs\hts\app\views\doctor\PatientInformations.php 16
ERROR - 06-05-2017 21:05:36 --> Severity: Error --> Call to a member function data_seek() on null C:\xampp\htdocs\hts\app\views\doctor\PatientInformations.php 16
ERROR - 06-05-2017 21:05:37 --> Severity: Notice --> Undefined variable: query C:\xampp\htdocs\hts\app\views\doctor\PatientInformations.php 16
ERROR - 06-05-2017 21:05:37 --> Severity: Error --> Call to a member function data_seek() on null C:\xampp\htdocs\hts\app\views\doctor\PatientInformations.php 16
ERROR - 06-05-2017 21:05:37 --> Severity: Notice --> Undefined variable: query C:\xampp\htdocs\hts\app\views\doctor\PatientLogSchedules.php 15
ERROR - 06-05-2017 21:05:37 --> Severity: Error --> Call to a member function data_seek() on null C:\xampp\htdocs\hts\app\views\doctor\PatientLogSchedules.php 15
ERROR - 06-05-2017 21:05:38 --> 404 Page Not Found: doctor/App/js
ERROR - 06-05-2017 21:05:39 --> Severity: Notice --> Undefined variable: query C:\xampp\htdocs\hts\app\views\doctor\PatientInformations.php 16
ERROR - 06-05-2017 21:05:39 --> Severity: Error --> Call to a member function data_seek() on null C:\xampp\htdocs\hts\app\views\doctor\PatientInformations.php 16
ERROR - 06-05-2017 21:06:42 --> 404 Page Not Found: doctor/App/js
ERROR - 06-05-2017 21:06:44 --> 404 Page Not Found: doctor/App/js
ERROR - 06-05-2017 21:07:25 --> 404 Page Not Found: doctor/App/js
ERROR - 06-05-2017 21:07:26 --> 404 Page Not Found: doctor/App/js
ERROR - 06-05-2017 21:07:28 --> 404 Page Not Found: doctor/App/js
ERROR - 06-05-2017 21:07:33 --> 404 Page Not Found: doctor/App/js
ERROR - 06-05-2017 21:23:51 --> 404 Page Not Found: doctor/DeviceInformations/2
ERROR - 06-05-2017 21:23:52 --> 404 Page Not Found: doctor/DeviceInformations/1
ERROR - 06-05-2017 21:23:54 --> 404 Page Not Found: doctor/DeviceInformations/1
ERROR - 06-05-2017 21:23:54 --> 404 Page Not Found: doctor/DeviceInformations/2
ERROR - 06-05-2017 21:23:55 --> 404 Page Not Found: doctor/DeviceInformations/1
ERROR - 06-05-2017 21:23:55 --> 404 Page Not Found: doctor/DeviceInformations/3
ERROR - 06-05-2017 21:24:00 --> 404 Page Not Found: doctor/DeviceInformations/2
ERROR - 06-05-2017 21:24:00 --> 404 Page Not Found: doctor/DeviceInformations/3
ERROR - 06-05-2017 21:24:01 --> 404 Page Not Found: doctor/DeviceInformations/1
ERROR - 06-05-2017 21:24:02 --> 404 Page Not Found: doctor/DeviceInformations/1
