ERROR - 08-05-2017 20:21:10 --> Severity: Notice --> Undefined variable: patient_selected C:\xampp\htdocs\hts\app\views\doctor\PatientLogs.php 8
ERROR - 08-05-2017 20:21:12 --> Severity: Notice --> Undefined variable: patient_selected C:\xampp\htdocs\hts\app\views\doctor\PatientLogs.php 8
ERROR - 08-05-2017 20:21:18 --> Severity: Warning --> Attempt to modify property of non-object C:\xampp\htdocs\hts\app\views\doctor\PatientLogs.php 5
ERROR - 08-05-2017 20:21:18 --> Severity: Warning --> Attempt to modify property of non-object C:\xampp\htdocs\hts\app\views\doctor\PatientLogs.php 5
ERROR - 08-05-2017 20:21:18 --> Severity: Warning --> Attempt to modify property of non-object C:\xampp\htdocs\hts\app\views\doctor\PatientLogs.php 5
ERROR - 08-05-2017 20:21:18 --> Severity: Warning --> Attempt to modify property of non-object C:\xampp\htdocs\hts\app\views\doctor\PatientLogs.php 5
ERROR - 08-05-2017 20:21:18 --> Severity: Warning --> Attempt to modify property of non-object C:\xampp\htdocs\hts\app\views\doctor\PatientLogs.php 5
ERROR - 08-05-2017 20:21:18 --> Severity: Warning --> Attempt to modify property of non-object C:\xampp\htdocs\hts\app\views\doctor\PatientLogs.php 5
ERROR - 08-05-2017 20:21:18 --> Severity: Warning --> Attempt to modify property of non-object C:\xampp\htdocs\hts\app\views\doctor\PatientLogs.php 5
ERROR - 08-05-2017 20:21:18 --> Severity: Warning --> Attempt to modify property of non-object C:\xampp\htdocs\hts\app\views\doctor\PatientLogs.php 5
ERROR - 08-05-2017 20:21:18 --> Severity: Warning --> Attempt to modify property of non-object C:\xampp\htdocs\hts\app\views\doctor\PatientLogs.php 5
ERROR - 08-05-2017 20:21:18 --> Severity: Warning --> Attempt to modify property of non-object C:\xampp\htdocs\hts\app\views\doctor\PatientLogs.php 5
ERROR - 08-05-2017 20:21:18 --> Severity: Warning --> Attempt to modify property of non-object C:\xampp\htdocs\hts\app\views\doctor\PatientLogs.php 5
ERROR - 08-05-2017 20:21:18 --> Severity: Warning --> Attempt to modify property of non-object C:\xampp\htdocs\hts\app\views\doctor\PatientLogs.php 5
ERROR - 08-05-2017 20:21:18 --> Severity: Warning --> Attempt to modify property of non-object C:\xampp\htdocs\hts\app\views\doctor\PatientLogs.php 5
ERROR - 08-05-2017 20:21:18 --> Severity: Warning --> Attempt to modify property of non-object C:\xampp\htdocs\hts\app\views\doctor\PatientLogs.php 5
ERROR - 08-05-2017 20:21:18 --> Severity: Warning --> Attempt to modify property of non-object C:\xampp\htdocs\hts\app\views\doctor\PatientLogs.php 5
ERROR - 08-05-2017 20:21:18 --> Severity: Warning --> Attempt to modify property of non-object C:\xampp\htdocs\hts\app\views\doctor\PatientLogs.php 5
ERROR - 08-05-2017 20:21:18 --> Severity: Warning --> Attempt to modify property of non-object C:\xampp\htdocs\hts\app\views\doctor\PatientLogs.php 5
ERROR - 08-05-2017 20:21:18 --> Severity: Warning --> Attempt to modify property of non-object C:\xampp\htdocs\hts\app\views\doctor\PatientLogs.php 5
ERROR - 08-05-2017 20:21:18 --> Severity: Warning --> Attempt to modify property of non-object C:\xampp\htdocs\hts\app\views\doctor\PatientLogs.php 5
ERROR - 08-05-2017 20:21:18 --> Severity: Warning --> Attempt to modify property of non-object C:\xampp\htdocs\hts\app\views\doctor\PatientLogs.php 5
ERROR - 08-05-2017 20:21:18 --> Severity: Warning --> Attempt to modify property of non-object C:\xampp\htdocs\hts\app\views\doctor\PatientLogs.php 5
ERROR - 08-05-2017 20:21:18 --> Severity: Warning --> Attempt to modify property of non-object C:\xampp\htdocs\hts\app\views\doctor\PatientLogs.php 5
ERROR - 08-05-2017 20:21:18 --> Severity: Warning --> Attempt to modify property of non-object C:\xampp\htdocs\hts\app\views\doctor\PatientLogs.php 5
ERROR - 08-05-2017 20:21:18 --> Severity: Warning --> Attempt to modify property of non-object C:\xampp\htdocs\hts\app\views\doctor\PatientLogs.php 5
ERROR - 08-05-2017 20:21:18 --> Severity: Warning --> Attempt to modify property of non-object C:\xampp\htdocs\hts\app\views\doctor\PatientLogs.php 5
ERROR - 08-05-2017 20:21:18 --> Severity: Warning --> Attempt to modify property of non-object C:\xampp\htdocs\hts\app\views\doctor\PatientLogs.php 5
ERROR - 08-05-2017 20:21:18 --> Severity: Warning --> Attempt to modify property of non-object C:\xampp\htdocs\hts\app\views\doctor\PatientLogs.php 5
ERROR - 08-05-2017 20:21:18 --> Severity: Warning --> Attempt to modify property of non-object C:\xampp\htdocs\hts\app\views\doctor\PatientLogs.php 5
ERROR - 08-05-2017 20:21:18 --> Severity: Warning --> Attempt to modify property of non-object C:\xampp\htdocs\hts\app\views\doctor\PatientLogs.php 5
ERROR - 08-05-2017 20:21:18 --> Severity: Warning --> Attempt to modify property of non-object C:\xampp\htdocs\hts\app\views\doctor\PatientLogs.php 5
ERROR - 08-05-2017 20:21:18 --> Severity: Warning --> Attempt to modify property of non-object C:\xampp\htdocs\hts\app\views\doctor\PatientLogs.php 5
ERROR - 08-05-2017 20:21:18 --> Severity: Warning --> Attempt to modify property of non-object C:\xampp\htdocs\hts\app\views\doctor\PatientLogs.php 5
ERROR - 08-05-2017 20:21:18 --> Severity: Warning --> Attempt to modify property of non-object C:\xampp\htdocs\hts\app\views\doctor\PatientLogs.php 5
ERROR - 08-05-2017 20:21:18 --> Severity: Warning --> Attempt to modify property of non-object C:\xampp\htdocs\hts\app\views\doctor\PatientLogs.php 5
ERROR - 08-05-2017 20:21:18 --> Severity: Warning --> Attempt to modify property of non-object C:\xampp\htdocs\hts\app\views\doctor\PatientLogs.php 5
ERROR - 08-05-2017 20:21:18 --> Severity: Warning --> Attempt to modify property of non-object C:\xampp\htdocs\hts\app\views\doctor\PatientLogs.php 5
ERROR - 08-05-2017 20:21:18 --> Severity: Notice --> Undefined variable: patient_selected C:\xampp\htdocs\hts\app\views\doctor\PatientLogs.php 8
ERROR - 08-05-2017 20:21:19 --> Severity: Warning --> Attempt to modify property of non-object C:\xampp\htdocs\hts\app\views\doctor\PatientLogs.php 5
ERROR - 08-05-2017 20:21:19 --> Severity: Warning --> Attempt to modify property of non-object C:\xampp\htdocs\hts\app\views\doctor\PatientLogs.php 5
ERROR - 08-05-2017 20:21:19 --> Severity: Warning --> Attempt to modify property of non-object C:\xampp\htdocs\hts\app\views\doctor\PatientLogs.php 5
ERROR - 08-05-2017 20:21:19 --> Severity: Warning --> Attempt to modify property of non-object C:\xampp\htdocs\hts\app\views\doctor\PatientLogs.php 5
ERROR - 08-05-2017 20:21:19 --> Severity: Warning --> Attempt to modify property of non-object C:\xampp\htdocs\hts\app\views\doctor\PatientLogs.php 5
ERROR - 08-05-2017 20:21:19 --> Severity: Warning --> Attempt to modify property of non-object C:\xampp\htdocs\hts\app\views\doctor\PatientLogs.php 5
ERROR - 08-05-2017 20:21:19 --> Severity: Warning --> Attempt to modify property of non-object C:\xampp\htdocs\hts\app\views\doctor\PatientLogs.php 5
ERROR - 08-05-2017 20:21:19 --> Severity: Warning --> Attempt to modify property of non-object C:\xampp\htdocs\hts\app\views\doctor\PatientLogs.php 5
ERROR - 08-05-2017 20:21:19 --> Severity: Warning --> Attempt to modify property of non-object C:\xampp\htdocs\hts\app\views\doctor\PatientLogs.php 5
ERROR - 08-05-2017 20:21:19 --> Severity: Warning --> Attempt to modify property of non-object C:\xampp\htdocs\hts\app\views\doctor\PatientLogs.php 5
ERROR - 08-05-2017 20:21:19 --> Severity: Warning --> Attempt to modify property of non-object C:\xampp\htdocs\hts\app\views\doctor\PatientLogs.php 5
ERROR - 08-05-2017 20:21:19 --> Severity: Warning --> Attempt to modify property of non-object C:\xampp\htdocs\hts\app\views\doctor\PatientLogs.php 5
ERROR - 08-05-2017 20:21:19 --> Severity: Warning --> Attempt to modify property of non-object C:\xampp\htdocs\hts\app\views\doctor\PatientLogs.php 5
ERROR - 08-05-2017 20:21:19 --> Severity: Warning --> Attempt to modify property of non-object C:\xampp\htdocs\hts\app\views\doctor\PatientLogs.php 5
ERROR - 08-05-2017 20:21:19 --> Severity: Warning --> Attempt to modify property of non-object C:\xampp\htdocs\hts\app\views\doctor\PatientLogs.php 5
ERROR - 08-05-2017 20:21:19 --> Severity: Warning --> Attempt to modify property of non-object C:\xampp\htdocs\hts\app\views\doctor\PatientLogs.php 5
ERROR - 08-05-2017 20:21:19 --> Severity: Warning --> Attempt to modify property of non-object C:\xampp\htdocs\hts\app\views\doctor\PatientLogs.php 5
ERROR - 08-05-2017 20:21:19 --> Severity: Warning --> Attempt to modify property of non-object C:\xampp\htdocs\hts\app\views\doctor\PatientLogs.php 5
ERROR - 08-05-2017 20:21:19 --> Severity: Warning --> Attempt to modify property of non-object C:\xampp\htdocs\hts\app\views\doctor\PatientLogs.php 5
ERROR - 08-05-2017 20:21:19 --> Severity: Warning --> Attempt to modify property of non-object C:\xampp\htdocs\hts\app\views\doctor\PatientLogs.php 5
ERROR - 08-05-2017 20:21:19 --> Severity: Warning --> Attempt to modify property of non-object C:\xampp\htdocs\hts\app\views\doctor\PatientLogs.php 5
ERROR - 08-05-2017 20:21:19 --> Severity: Warning --> Attempt to modify property of non-object C:\xampp\htdocs\hts\app\views\doctor\PatientLogs.php 5
ERROR - 08-05-2017 20:21:19 --> Severity: Warning --> Attempt to modify property of non-object C:\xampp\htdocs\hts\app\views\doctor\PatientLogs.php 5
ERROR - 08-05-2017 20:21:19 --> Severity: Warning --> Attempt to modify property of non-object C:\xampp\htdocs\hts\app\views\doctor\PatientLogs.php 5
ERROR - 08-05-2017 20:21:19 --> Severity: Warning --> Attempt to modify property of non-object C:\xampp\htdocs\hts\app\views\doctor\PatientLogs.php 5
ERROR - 08-05-2017 20:21:19 --> Severity: Warning --> Attempt to modify property of non-object C:\xampp\htdocs\hts\app\views\doctor\PatientLogs.php 5
ERROR - 08-05-2017 20:21:19 --> Severity: Warning --> Attempt to modify property of non-object C:\xampp\htdocs\hts\app\views\doctor\PatientLogs.php 5
ERROR - 08-05-2017 20:21:19 --> Severity: Notice --> Undefined variable: patient_selected C:\xampp\htdocs\hts\app\views\doctor\PatientLogs.php 8
ERROR - 08-05-2017 20:21:20 --> Severity: Warning --> Attempt to modify property of non-object C:\xampp\htdocs\hts\app\views\doctor\PatientLogs.php 5
ERROR - 08-05-2017 20:21:20 --> Severity: Warning --> Attempt to modify property of non-object C:\xampp\htdocs\hts\app\views\doctor\PatientLogs.php 5
ERROR - 08-05-2017 20:21:20 --> Severity: Warning --> Attempt to modify property of non-object C:\xampp\htdocs\hts\app\views\doctor\PatientLogs.php 5
ERROR - 08-05-2017 20:21:20 --> Severity: Warning --> Attempt to modify property of non-object C:\xampp\htdocs\hts\app\views\doctor\PatientLogs.php 5
ERROR - 08-05-2017 20:21:20 --> Severity: Warning --> Attempt to modify property of non-object C:\xampp\htdocs\hts\app\views\doctor\PatientLogs.php 5
ERROR - 08-05-2017 20:21:20 --> Severity: Warning --> Attempt to modify property of non-object C:\xampp\htdocs\hts\app\views\doctor\PatientLogs.php 5
ERROR - 08-05-2017 20:21:20 --> Severity: Warning --> Attempt to modify property of non-object C:\xampp\htdocs\hts\app\views\doctor\PatientLogs.php 5
ERROR - 08-05-2017 20:21:20 --> Severity: Warning --> Attempt to modify property of non-object C:\xampp\htdocs\hts\app\views\doctor\PatientLogs.php 5
ERROR - 08-05-2017 20:21:20 --> Severity: Warning --> Attempt to modify property of non-object C:\xampp\htdocs\hts\app\views\doctor\PatientLogs.php 5
ERROR - 08-05-2017 20:21:20 --> Severity: Warning --> Attempt to modify property of non-object C:\xampp\htdocs\hts\app\views\doctor\PatientLogs.php 5
ERROR - 08-05-2017 20:21:20 --> Severity: Warning --> Attempt to modify property of non-object C:\xampp\htdocs\hts\app\views\doctor\PatientLogs.php 5
ERROR - 08-05-2017 20:21:20 --> Severity: Warning --> Attempt to modify property of non-object C:\xampp\htdocs\hts\app\views\doctor\PatientLogs.php 5
ERROR - 08-05-2017 20:21:20 --> Severity: Warning --> Attempt to modify property of non-object C:\xampp\htdocs\hts\app\views\doctor\PatientLogs.php 5
ERROR - 08-05-2017 20:21:20 --> Severity: Warning --> Attempt to modify property of non-object C:\xampp\htdocs\hts\app\views\doctor\PatientLogs.php 5
ERROR - 08-05-2017 20:21:20 --> Severity: Warning --> Attempt to modify property of non-object C:\xampp\htdocs\hts\app\views\doctor\PatientLogs.php 5
ERROR - 08-05-2017 20:21:20 --> Severity: Warning --> Attempt to modify property of non-object C:\xampp\htdocs\hts\app\views\doctor\PatientLogs.php 5
ERROR - 08-05-2017 20:21:20 --> Severity: Warning --> Attempt to modify property of non-object C:\xampp\htdocs\hts\app\views\doctor\PatientLogs.php 5
ERROR - 08-05-2017 20:21:20 --> Severity: Warning --> Attempt to modify property of non-object C:\xampp\htdocs\hts\app\views\doctor\PatientLogs.php 5
ERROR - 08-05-2017 20:21:20 --> Severity: Warning --> Attempt to modify property of non-object C:\xampp\htdocs\hts\app\views\doctor\PatientLogs.php 5
ERROR - 08-05-2017 20:21:20 --> Severity: Warning --> Attempt to modify property of non-object C:\xampp\htdocs\hts\app\views\doctor\PatientLogs.php 5
ERROR - 08-05-2017 20:21:20 --> Severity: Warning --> Attempt to modify property of non-object C:\xampp\htdocs\hts\app\views\doctor\PatientLogs.php 5
ERROR - 08-05-2017 20:21:20 --> Severity: Warning --> Attempt to modify property of non-object C:\xampp\htdocs\hts\app\views\doctor\PatientLogs.php 5
ERROR - 08-05-2017 20:21:20 --> Severity: Warning --> Attempt to modify property of non-object C:\xampp\htdocs\hts\app\views\doctor\PatientLogs.php 5
ERROR - 08-05-2017 20:21:20 --> Severity: Warning --> Attempt to modify property of non-object C:\xampp\htdocs\hts\app\views\doctor\PatientLogs.php 5
ERROR - 08-05-2017 20:21:20 --> Severity: Warning --> Attempt to modify property of non-object C:\xampp\htdocs\hts\app\views\doctor\PatientLogs.php 5
ERROR - 08-05-2017 20:21:20 --> Severity: Warning --> Attempt to modify property of non-object C:\xampp\htdocs\hts\app\views\doctor\PatientLogs.php 5
ERROR - 08-05-2017 20:21:20 --> Severity: Warning --> Attempt to modify property of non-object C:\xampp\htdocs\hts\app\views\doctor\PatientLogs.php 5
ERROR - 08-05-2017 20:21:20 --> Severity: Warning --> Attempt to modify property of non-object C:\xampp\htdocs\hts\app\views\doctor\PatientLogs.php 5
ERROR - 08-05-2017 20:21:20 --> Severity: Warning --> Attempt to modify property of non-object C:\xampp\htdocs\hts\app\views\doctor\PatientLogs.php 5
ERROR - 08-05-2017 20:21:20 --> Severity: Warning --> Attempt to modify property of non-object C:\xampp\htdocs\hts\app\views\doctor\PatientLogs.php 5
ERROR - 08-05-2017 20:21:20 --> Severity: Warning --> Attempt to modify property of non-object C:\xampp\htdocs\hts\app\views\doctor\PatientLogs.php 5
ERROR - 08-05-2017 20:21:20 --> Severity: Warning --> Attempt to modify property of non-object C:\xampp\htdocs\hts\app\views\doctor\PatientLogs.php 5
ERROR - 08-05-2017 20:21:20 --> Severity: Warning --> Attempt to modify property of non-object C:\xampp\htdocs\hts\app\views\doctor\PatientLogs.php 5
ERROR - 08-05-2017 20:21:20 --> Severity: Warning --> Attempt to modify property of non-object C:\xampp\htdocs\hts\app\views\doctor\PatientLogs.php 5
ERROR - 08-05-2017 20:21:20 --> Severity: Warning --> Attempt to modify property of non-object C:\xampp\htdocs\hts\app\views\doctor\PatientLogs.php 5
ERROR - 08-05-2017 20:21:20 --> Severity: Warning --> Attempt to modify property of non-object C:\xampp\htdocs\hts\app\views\doctor\PatientLogs.php 5
ERROR - 08-05-2017 20:21:20 --> Severity: Notice --> Undefined variable: patient_selected C:\xampp\htdocs\hts\app\views\doctor\PatientLogs.php 8
ERROR - 08-05-2017 20:21:23 --> Severity: Warning --> Attempt to modify property of non-object C:\xampp\htdocs\hts\app\views\doctor\PatientLogs.php 5
ERROR - 08-05-2017 20:21:23 --> Severity: Warning --> Attempt to modify property of non-object C:\xampp\htdocs\hts\app\views\doctor\PatientLogs.php 5
ERROR - 08-05-2017 20:21:23 --> Severity: Warning --> Attempt to modify property of non-object C:\xampp\htdocs\hts\app\views\doctor\PatientLogs.php 5
ERROR - 08-05-2017 20:21:23 --> Severity: Warning --> Attempt to modify property of non-object C:\xampp\htdocs\hts\app\views\doctor\PatientLogs.php 5
ERROR - 08-05-2017 20:21:23 --> Severity: Warning --> Attempt to modify property of non-object C:\xampp\htdocs\hts\app\views\doctor\PatientLogs.php 5
ERROR - 08-05-2017 20:21:23 --> Severity: Warning --> Attempt to modify property of non-object C:\xampp\htdocs\hts\app\views\doctor\PatientLogs.php 5
ERROR - 08-05-2017 20:21:23 --> Severity: Warning --> Attempt to modify property of non-object C:\xampp\htdocs\hts\app\views\doctor\PatientLogs.php 5
ERROR - 08-05-2017 20:21:23 --> Severity: Warning --> Attempt to modify property of non-object C:\xampp\htdocs\hts\app\views\doctor\PatientLogs.php 5
ERROR - 08-05-2017 20:21:23 --> Severity: Warning --> Attempt to modify property of non-object C:\xampp\htdocs\hts\app\views\doctor\PatientLogs.php 5
ERROR - 08-05-2017 20:21:23 --> Severity: Warning --> Attempt to modify property of non-object C:\xampp\htdocs\hts\app\views\doctor\PatientLogs.php 5
ERROR - 08-05-2017 20:21:23 --> Severity: Warning --> Attempt to modify property of non-object C:\xampp\htdocs\hts\app\views\doctor\PatientLogs.php 5
ERROR - 08-05-2017 20:21:23 --> Severity: Warning --> Attempt to modify property of non-object C:\xampp\htdocs\hts\app\views\doctor\PatientLogs.php 5
ERROR - 08-05-2017 20:21:23 --> Severity: Warning --> Attempt to modify property of non-object C:\xampp\htdocs\hts\app\views\doctor\PatientLogs.php 5
ERROR - 08-05-2017 20:21:23 --> Severity: Warning --> Attempt to modify property of non-object C:\xampp\htdocs\hts\app\views\doctor\PatientLogs.php 5
ERROR - 08-05-2017 20:21:23 --> Severity: Warning --> Attempt to modify property of non-object C:\xampp\htdocs\hts\app\views\doctor\PatientLogs.php 5
ERROR - 08-05-2017 20:21:23 --> Severity: Warning --> Attempt to modify property of non-object C:\xampp\htdocs\hts\app\views\doctor\PatientLogs.php 5
ERROR - 08-05-2017 20:21:23 --> Severity: Warning --> Attempt to modify property of non-object C:\xampp\htdocs\hts\app\views\doctor\PatientLogs.php 5
ERROR - 08-05-2017 20:21:23 --> Severity: Warning --> Attempt to modify property of non-object C:\xampp\htdocs\hts\app\views\doctor\PatientLogs.php 5
ERROR - 08-05-2017 20:21:23 --> Severity: Warning --> Attempt to modify property of non-object C:\xampp\htdocs\hts\app\views\doctor\PatientLogs.php 5
ERROR - 08-05-2017 20:21:23 --> Severity: Warning --> Attempt to modify property of non-object C:\xampp\htdocs\hts\app\views\doctor\PatientLogs.php 5
ERROR - 08-05-2017 20:21:23 --> Severity: Warning --> Attempt to modify property of non-object C:\xampp\htdocs\hts\app\views\doctor\PatientLogs.php 5
ERROR - 08-05-2017 20:21:23 --> Severity: Warning --> Attempt to modify property of non-object C:\xampp\htdocs\hts\app\views\doctor\PatientLogs.php 5
ERROR - 08-05-2017 20:21:23 --> Severity: Warning --> Attempt to modify property of non-object C:\xampp\htdocs\hts\app\views\doctor\PatientLogs.php 5
ERROR - 08-05-2017 20:21:23 --> Severity: Warning --> Attempt to modify property of non-object C:\xampp\htdocs\hts\app\views\doctor\PatientLogs.php 5
ERROR - 08-05-2017 20:21:23 --> Severity: Warning --> Attempt to modify property of non-object C:\xampp\htdocs\hts\app\views\doctor\PatientLogs.php 5
ERROR - 08-05-2017 20:21:23 --> Severity: Warning --> Attempt to modify property of non-object C:\xampp\htdocs\hts\app\views\doctor\PatientLogs.php 5
ERROR - 08-05-2017 20:21:23 --> Severity: Warning --> Attempt to modify property of non-object C:\xampp\htdocs\hts\app\views\doctor\PatientLogs.php 5
ERROR - 08-05-2017 20:21:23 --> Severity: Warning --> Attempt to modify property of non-object C:\xampp\htdocs\hts\app\views\doctor\PatientLogs.php 5
ERROR - 08-05-2017 20:21:23 --> Severity: Warning --> Attempt to modify property of non-object C:\xampp\htdocs\hts\app\views\doctor\PatientLogs.php 5
ERROR - 08-05-2017 20:21:23 --> Severity: Warning --> Attempt to modify property of non-object C:\xampp\htdocs\hts\app\views\doctor\PatientLogs.php 5
ERROR - 08-05-2017 20:21:23 --> Severity: Warning --> Attempt to modify property of non-object C:\xampp\htdocs\hts\app\views\doctor\PatientLogs.php 5
ERROR - 08-05-2017 20:21:23 --> Severity: Warning --> Attempt to modify property of non-object C:\xampp\htdocs\hts\app\views\doctor\PatientLogs.php 5
ERROR - 08-05-2017 20:21:23 --> Severity: Warning --> Attempt to modify property of non-object C:\xampp\htdocs\hts\app\views\doctor\PatientLogs.php 5
ERROR - 08-05-2017 20:21:23 --> Severity: Warning --> Attempt to modify property of non-object C:\xampp\htdocs\hts\app\views\doctor\PatientLogs.php 5
ERROR - 08-05-2017 20:21:23 --> Severity: Warning --> Attempt to modify property of non-object C:\xampp\htdocs\hts\app\views\doctor\PatientLogs.php 5
ERROR - 08-05-2017 20:21:23 --> Severity: Warning --> Attempt to modify property of non-object C:\xampp\htdocs\hts\app\views\doctor\PatientLogs.php 5
ERROR - 08-05-2017 20:21:23 --> Severity: Notice --> Undefined variable: patient_selected C:\xampp\htdocs\hts\app\views\doctor\PatientLogs.php 8
ERROR - 08-05-2017 20:21:24 --> Severity: Warning --> Attempt to modify property of non-object C:\xampp\htdocs\hts\app\views\doctor\PatientLogs.php 5
ERROR - 08-05-2017 20:21:24 --> Severity: Warning --> Attempt to modify property of non-object C:\xampp\htdocs\hts\app\views\doctor\PatientLogs.php 5
ERROR - 08-05-2017 20:21:24 --> Severity: Warning --> Attempt to modify property of non-object C:\xampp\htdocs\hts\app\views\doctor\PatientLogs.php 5
ERROR - 08-05-2017 20:21:24 --> Severity: Warning --> Attempt to modify property of non-object C:\xampp\htdocs\hts\app\views\doctor\PatientLogs.php 5
ERROR - 08-05-2017 20:21:24 --> Severity: Warning --> Attempt to modify property of non-object C:\xampp\htdocs\hts\app\views\doctor\PatientLogs.php 5
ERROR - 08-05-2017 20:21:24 --> Severity: Warning --> Attempt to modify property of non-object C:\xampp\htdocs\hts\app\views\doctor\PatientLogs.php 5
ERROR - 08-05-2017 20:21:24 --> Severity: Warning --> Attempt to modify property of non-object C:\xampp\htdocs\hts\app\views\doctor\PatientLogs.php 5
ERROR - 08-05-2017 20:21:24 --> Severity: Warning --> Attempt to modify property of non-object C:\xampp\htdocs\hts\app\views\doctor\PatientLogs.php 5
ERROR - 08-05-2017 20:21:24 --> Severity: Warning --> Attempt to modify property of non-object C:\xampp\htdocs\hts\app\views\doctor\PatientLogs.php 5
ERROR - 08-05-2017 20:21:24 --> Severity: Warning --> Attempt to modify property of non-object C:\xampp\htdocs\hts\app\views\doctor\PatientLogs.php 5
ERROR - 08-05-2017 20:21:24 --> Severity: Warning --> Attempt to modify property of non-object C:\xampp\htdocs\hts\app\views\doctor\PatientLogs.php 5
ERROR - 08-05-2017 20:21:24 --> Severity: Warning --> Attempt to modify property of non-object C:\xampp\htdocs\hts\app\views\doctor\PatientLogs.php 5
ERROR - 08-05-2017 20:21:24 --> Severity: Warning --> Attempt to modify property of non-object C:\xampp\htdocs\hts\app\views\doctor\PatientLogs.php 5
ERROR - 08-05-2017 20:21:24 --> Severity: Warning --> Attempt to modify property of non-object C:\xampp\htdocs\hts\app\views\doctor\PatientLogs.php 5
ERROR - 08-05-2017 20:21:24 --> Severity: Warning --> Attempt to modify property of non-object C:\xampp\htdocs\hts\app\views\doctor\PatientLogs.php 5
ERROR - 08-05-2017 20:21:24 --> Severity: Warning --> Attempt to modify property of non-object C:\xampp\htdocs\hts\app\views\doctor\PatientLogs.php 5
ERROR - 08-05-2017 20:21:24 --> Severity: Warning --> Attempt to modify property of non-object C:\xampp\htdocs\hts\app\views\doctor\PatientLogs.php 5
ERROR - 08-05-2017 20:21:24 --> Severity: Warning --> Attempt to modify property of non-object C:\xampp\htdocs\hts\app\views\doctor\PatientLogs.php 5
ERROR - 08-05-2017 20:21:24 --> Severity: Warning --> Attempt to modify property of non-object C:\xampp\htdocs\hts\app\views\doctor\PatientLogs.php 5
ERROR - 08-05-2017 20:21:24 --> Severity: Warning --> Attempt to modify property of non-object C:\xampp\htdocs\hts\app\views\doctor\PatientLogs.php 5
ERROR - 08-05-2017 20:21:24 --> Severity: Warning --> Attempt to modify property of non-object C:\xampp\htdocs\hts\app\views\doctor\PatientLogs.php 5
ERROR - 08-05-2017 20:21:24 --> Severity: Warning --> Attempt to modify property of non-object C:\xampp\htdocs\hts\app\views\doctor\PatientLogs.php 5
ERROR - 08-05-2017 20:21:24 --> Severity: Warning --> Attempt to modify property of non-object C:\xampp\htdocs\hts\app\views\doctor\PatientLogs.php 5
ERROR - 08-05-2017 20:21:24 --> Severity: Warning --> Attempt to modify property of non-object C:\xampp\htdocs\hts\app\views\doctor\PatientLogs.php 5
ERROR - 08-05-2017 20:21:24 --> Severity: Warning --> Attempt to modify property of non-object C:\xampp\htdocs\hts\app\views\doctor\PatientLogs.php 5
ERROR - 08-05-2017 20:21:24 --> Severity: Warning --> Attempt to modify property of non-object C:\xampp\htdocs\hts\app\views\doctor\PatientLogs.php 5
ERROR - 08-05-2017 20:21:24 --> Severity: Warning --> Attempt to modify property of non-object C:\xampp\htdocs\hts\app\views\doctor\PatientLogs.php 5
ERROR - 08-05-2017 20:21:24 --> Severity: Notice --> Undefined variable: patient_selected C:\xampp\htdocs\hts\app\views\doctor\PatientLogs.php 8
ERROR - 08-05-2017 20:37:35 --> Severity: Notice --> Undefined index: PATIENT_ID C:\xampp\htdocs\hts\app\controllers\doctor\Dashboard.php 92
ERROR - 08-05-2017 20:37:35 --> Severity: Notice --> Undefined variable: patient_selected C:\xampp\htdocs\hts\app\views\doctor\PatientLogs.php 8
ERROR - 08-05-2017 20:37:39 --> Severity: Notice --> Array to string conversion C:\xampp\htdocs\hts\sys\database\DB_query_builder.php 683
ERROR - 08-05-2017 20:37:39 --> Query error: Unknown column 'Array' in 'where clause' - Invalid query: SELECT *
FROM `hts_live`.`hts_logs`
WHERE `PATIENT_ID` = `Array`
ERROR - 08-05-2017 20:37:39 --> Severity: Notice --> Undefined index: PATIENT_ID C:\xampp\htdocs\hts\app\controllers\doctor\Dashboard.php 92
ERROR - 08-05-2017 20:37:39 --> Severity: Notice --> Undefined variable: patient_selected C:\xampp\htdocs\hts\app\views\doctor\PatientLogs.php 8
ERROR - 08-05-2017 20:37:41 --> Severity: Notice --> Array to string conversion C:\xampp\htdocs\hts\sys\database\DB_query_builder.php 683
ERROR - 08-05-2017 20:37:41 --> Query error: Unknown column 'Array' in 'where clause' - Invalid query: SELECT *
FROM `hts_live`.`hts_logs`
WHERE `PATIENT_ID` = `Array`
ERROR - 08-05-2017 20:37:41 --> Severity: Notice --> Undefined index: PATIENT_ID C:\xampp\htdocs\hts\app\controllers\doctor\Dashboard.php 92
ERROR - 08-05-2017 20:37:41 --> Severity: Notice --> Undefined variable: patient_selected C:\xampp\htdocs\hts\app\views\doctor\PatientLogs.php 8
ERROR - 08-05-2017 20:38:45 --> Severity: Notice --> Undefined variable: patient_selected C:\xampp\htdocs\hts\app\views\doctor\PatientLogs.php 8
ERROR - 08-05-2017 20:38:47 --> Severity: Notice --> Undefined variable: patient_selected C:\xampp\htdocs\hts\app\views\doctor\PatientLogs.php 8
ERROR - 08-05-2017 20:43:46 --> Severity: Notice --> Undefined variable: patient_selected C:\xampp\htdocs\hts\app\views\doctor\PatientLogs.php 8
ERROR - 08-05-2017 20:43:48 --> Severity: Notice --> Array to string conversion C:\xampp\htdocs\hts\sys\database\DB_query_builder.php 683
ERROR - 08-05-2017 20:43:48 --> Query error: Unknown column 'Array' in 'where clause' - Invalid query: SELECT *
FROM `hts_live`.`hts_logs`
WHERE `PATIENT_ID` = `Array`
ERROR - 08-05-2017 20:43:48 --> Severity: Notice --> Undefined variable: patient_selected C:\xampp\htdocs\hts\app\views\doctor\PatientLogs.php 8
ERROR - 08-05-2017 20:43:50 --> Severity: Notice --> Array to string conversion C:\xampp\htdocs\hts\sys\database\DB_query_builder.php 683
ERROR - 08-05-2017 20:43:50 --> Query error: Unknown column 'Array' in 'where clause' - Invalid query: SELECT *
FROM `hts_live`.`hts_logs`
WHERE `PATIENT_ID` = `Array`
ERROR - 08-05-2017 20:43:50 --> Severity: Notice --> Undefined variable: patient_selected C:\xampp\htdocs\hts\app\views\doctor\PatientLogs.php 8
ERROR - 08-05-2017 20:47:56 --> Severity: Notice --> Undefined variable: patient_selected C:\xampp\htdocs\hts\app\views\doctor\PatientLogs.php 8
ERROR - 08-05-2017 20:47:58 --> Severity: Notice --> Array to string conversion C:\xampp\htdocs\hts\sys\database\DB_query_builder.php 683
ERROR - 08-05-2017 20:47:58 --> Query error: Unknown column 'Array' in 'where clause' - Invalid query: SELECT *
FROM `hts_live`.`hts_logs`
WHERE `PATIENT_ID` = `Array`
ERROR - 08-05-2017 20:47:58 --> Severity: Notice --> Undefined variable: patient_selected C:\xampp\htdocs\hts\app\views\doctor\PatientLogs.php 8
ERROR - 08-05-2017 22:13:53 --> Severity: Notice --> Undefined variable: patient_selected C:\xampp\htdocs\hts\app\views\doctor\PatientLogs.php 8
ERROR - 08-05-2017 22:13:57 --> Severity: Notice --> Undefined variable: patient_selected C:\xampp\htdocs\hts\app\views\doctor\PatientLogs.php 8
ERROR - 08-05-2017 22:13:57 --> Severity: Notice --> Undefined variable: patient_selected C:\xampp\htdocs\hts\app\views\doctor\PatientLogs.php 8
ERROR - 08-05-2017 22:14:05 --> Severity: Notice --> Undefined variable: patient_selected C:\xampp\htdocs\hts\app\views\doctor\PatientLogs.php 8
ERROR - 08-05-2017 22:14:05 --> Severity: Notice --> Undefined variable: patient_selected C:\xampp\htdocs\hts\app\views\doctor\PatientLogs.php 8
ERROR - 08-05-2017 22:15:35 --> Severity: Notice --> Undefined variable: patient_selected C:\xampp\htdocs\hts\app\views\doctor\PatientLogs.php 8
ERROR - 08-05-2017 22:15:36 --> Severity: Notice --> Undefined variable: patient_selected C:\xampp\htdocs\hts\app\views\doctor\PatientLogs.php 8
ERROR - 08-05-2017 22:15:36 --> Severity: Notice --> Undefined variable: patient_selected C:\xampp\htdocs\hts\app\views\doctor\PatientLogs.php 8
ERROR - 08-05-2017 22:16:19 --> Severity: Warning --> Invalid argument supplied for foreach() C:\xampp\htdocs\hts\app\views\doctor\PatientLogs.php 10
ERROR - 08-05-2017 22:16:20 --> Severity: Warning --> Invalid argument supplied for foreach() C:\xampp\htdocs\hts\app\views\doctor\PatientLogs.php 10
ERROR - 08-05-2017 22:16:20 --> Severity: Warning --> Invalid argument supplied for foreach() C:\xampp\htdocs\hts\app\views\doctor\PatientLogs.php 10
ERROR - 08-05-2017 22:16:22 --> Severity: Warning --> Invalid argument supplied for foreach() C:\xampp\htdocs\hts\app\views\doctor\PatientLogs.php 10
ERROR - 08-05-2017 22:16:23 --> Severity: Warning --> Invalid argument supplied for foreach() C:\xampp\htdocs\hts\app\views\doctor\PatientLogs.php 10
ERROR - 08-05-2017 22:16:25 --> Severity: Warning --> Invalid argument supplied for foreach() C:\xampp\htdocs\hts\app\views\doctor\PatientLogs.php 10
ERROR - 08-05-2017 22:16:25 --> Severity: Warning --> Invalid argument supplied for foreach() C:\xampp\htdocs\hts\app\views\doctor\PatientLogs.php 10
ERROR - 08-05-2017 22:16:31 --> Severity: Warning --> Invalid argument supplied for foreach() C:\xampp\htdocs\hts\app\views\doctor\PatientLogs.php 10
ERROR - 08-05-2017 22:16:31 --> Severity: Warning --> Invalid argument supplied for foreach() C:\xampp\htdocs\hts\app\views\doctor\PatientLogs.php 10
ERROR - 08-05-2017 22:16:33 --> Severity: Warning --> Invalid argument supplied for foreach() C:\xampp\htdocs\hts\app\views\doctor\PatientLogs.php 10
ERROR - 08-05-2017 22:16:33 --> Severity: Warning --> Invalid argument supplied for foreach() C:\xampp\htdocs\hts\app\views\doctor\PatientLogs.php 10
ERROR - 08-05-2017 22:17:12 --> Severity: Warning --> Invalid argument supplied for foreach() C:\xampp\htdocs\hts\app\views\doctor\PatientLogs.php 10
ERROR - 08-05-2017 22:17:15 --> Severity: Warning --> Invalid argument supplied for foreach() C:\xampp\htdocs\hts\app\views\doctor\PatientLogs.php 10
ERROR - 08-05-2017 22:17:15 --> Severity: Warning --> Invalid argument supplied for foreach() C:\xampp\htdocs\hts\app\views\doctor\PatientLogs.php 10
ERROR - 08-05-2017 22:17:18 --> Severity: Warning --> Invalid argument supplied for foreach() C:\xampp\htdocs\hts\app\views\doctor\PatientLogs.php 10
ERROR - 08-05-2017 22:17:18 --> Severity: Warning --> Invalid argument supplied for foreach() C:\xampp\htdocs\hts\app\views\doctor\PatientLogs.php 10
ERROR - 08-05-2017 22:17:36 --> Severity: Warning --> Invalid argument supplied for foreach() C:\xampp\htdocs\hts\app\views\doctor\PatientLogs.php 10
ERROR - 08-05-2017 22:17:37 --> Severity: Warning --> Invalid argument supplied for foreach() C:\xampp\htdocs\hts\app\views\doctor\PatientLogs.php 10
ERROR - 08-05-2017 22:17:37 --> Severity: Warning --> Invalid argument supplied for foreach() C:\xampp\htdocs\hts\app\views\doctor\PatientLogs.php 10
ERROR - 08-05-2017 22:17:39 --> Severity: Warning --> Invalid argument supplied for foreach() C:\xampp\htdocs\hts\app\views\doctor\PatientLogs.php 10
ERROR - 08-05-2017 22:17:39 --> Severity: Warning --> Invalid argument supplied for foreach() C:\xampp\htdocs\hts\app\views\doctor\PatientLogs.php 10
ERROR - 08-05-2017 22:18:14 --> Severity: Warning --> Invalid argument supplied for foreach() C:\xampp\htdocs\hts\app\views\doctor\PatientLogs.php 10
ERROR - 08-05-2017 22:18:17 --> Severity: Notice --> Undefined variable: patient_selected C:\xampp\htdocs\hts\app\views\doctor\PatientLogs.php 8
ERROR - 08-05-2017 22:18:39 --> Severity: Notice --> Undefined variable: patient_selected C:\xampp\htdocs\hts\app\views\doctor\PatientLogs.php 8
ERROR - 08-05-2017 22:21:28 --> Severity: Notice --> Undefined variable: patient_selected C:\xampp\htdocs\hts\app\views\doctor\PatientLogs.php 8
ERROR - 08-05-2017 22:21:37 --> Severity: Notice --> Undefined variable: patient_selected C:\xampp\htdocs\hts\app\views\doctor\PatientLogs.php 8
ERROR - 08-05-2017 22:21:49 --> Severity: Notice --> Undefined variable: patient_selected C:\xampp\htdocs\hts\app\views\doctor\PatientLogs.php 8
ERROR - 08-05-2017 22:22:29 --> Severity: Notice --> Undefined variable: patient_selected C:\xampp\htdocs\hts\app\views\doctor\PatientLogs.php 8
ERROR - 08-05-2017 22:23:11 --> Severity: Notice --> Undefined variable: patient_selected C:\xampp\htdocs\hts\app\views\doctor\PatientLogs.php 8
ERROR - 08-05-2017 22:23:41 --> Severity: Notice --> Undefined variable: resultPatientLogs C:\xampp\htdocs\hts\app\views\doctor\PatientLogs.php 8
ERROR - 08-05-2017 22:23:41 --> Severity: Notice --> Undefined variable: patient_selected C:\xampp\htdocs\hts\app\views\doctor\PatientLogs.php 9
ERROR - 08-05-2017 22:24:04 --> Severity: Notice --> Undefined variable: patient_selected C:\xampp\htdocs\hts\app\views\doctor\PatientLogs.php 8
ERROR - 08-05-2017 22:24:04 --> Severity: Notice --> Undefined variable: patient_selected C:\xampp\htdocs\hts\app\views\doctor\PatientLogs.php 9
ERROR - 08-05-2017 22:24:16 --> Severity: Notice --> Undefined variable: patient_id C:\xampp\htdocs\hts\app\views\doctor\PatientLogs.php 8
ERROR - 08-05-2017 22:24:16 --> Severity: Notice --> Undefined variable: patient_selected C:\xampp\htdocs\hts\app\views\doctor\PatientLogs.php 9
ERROR - 08-05-2017 22:26:39 --> Severity: Notice --> Undefined variable: patient_selected C:\xampp\htdocs\hts\app\views\doctor\PatientLogs.php 9
ERROR - 08-05-2017 22:32:48 --> Severity: Warning --> Missing argument 1 for Dashboard::patientLogs() C:\xampp\htdocs\hts\app\controllers\doctor\Dashboard.php 87
ERROR - 08-05-2017 22:32:48 --> Severity: Notice --> Undefined variable: patientId C:\xampp\htdocs\hts\app\controllers\doctor\Dashboard.php 91
ERROR - 08-05-2017 22:32:50 --> Severity: Warning --> Missing argument 1 for Dashboard::patientLogs() C:\xampp\htdocs\hts\app\controllers\doctor\Dashboard.php 87
ERROR - 08-05-2017 22:32:50 --> Severity: Notice --> Undefined variable: patientId C:\xampp\htdocs\hts\app\controllers\doctor\Dashboard.php 91
ERROR - 08-05-2017 22:44:17 --> Query error: Unknown column 'STREAM_NAME' in 'where clause' - Invalid query: SELECT *
FROM `hts_live`.`hts_logs`
WHERE `PATIENT_ID` = '1'
AND `STREAM_NAME` IS NOT NULL
ERROR - 08-05-2017 22:44:18 --> Query error: Unknown column 'STREAM_NAME' in 'where clause' - Invalid query: SELECT *
FROM `hts_live`.`hts_logs`
WHERE `PATIENT_ID` = '3'
AND `STREAM_NAME` IS NOT NULL
ERROR - 08-05-2017 22:44:19 --> Query error: Unknown column 'STREAM_NAME' in 'where clause' - Invalid query: SELECT *
FROM `hts_live`.`hts_logs`
WHERE `PATIENT_ID` = '2'
AND `STREAM_NAME` IS NOT NULL
