ERROR - 28-04-2017 22:57:15 --> Severity: Notice --> Indirect modification of overloaded property CI_Session::$language has no effect C:\xampp\htdocs\hts\app\controllers\doctor\Login.php 22
ERROR - 28-04-2017 23:02:20 --> Severity: Notice --> Indirect modification of overloaded property CI_Session::$language has no effect C:\xampp\htdocs\hts\app\controllers\doctor\Login.php 22
ERROR - 28-04-2017 22:02:46 --> Severity: Error --> Call to undefined method Htsutils::loadLangauge() C:\xampp\htdocs\hts\app\controllers\doctor\Dashboard.php 19
ERROR - 28-04-2017 22:18:01 --> Severity: Runtime Notice --> Only variables should be passed by reference C:\xampp\htdocs\hts\app\controllers\doctor\Dashboard.php 18
ERROR - 28-04-2017 22:18:38 --> Severity: Notice --> Indirect modification of overloaded property CI_Session::$language has no effect C:\xampp\htdocs\hts\app\controllers\doctor\Dashboard.php 18
ERROR - 28-04-2017 22:19:06 --> Severity: Parsing Error --> syntax error, unexpected ';' C:\xampp\htdocs\hts\app\controllers\doctor\Dashboard.php 18
ERROR - 28-04-2017 23:30:42 --> Severity: Notice --> Undefined property: Login::$cookie C:\xampp\htdocs\hts\app\controllers\doctor\Login.php 22
ERROR - 28-04-2017 23:30:42 --> Severity: Error --> Call to a member function get_cookie() on null C:\xampp\htdocs\hts\app\controllers\doctor\Login.php 22
ERROR - 28-04-2017 23:35:47 --> Severity: Runtime Notice --> Only variables should be passed by reference C:\xampp\htdocs\hts\app\controllers\doctor\Login.php 22
ERROR - 28-04-2017 22:36:50 --> Severity: Notice --> Undefined property: Navbar::$cookie C:\xampp\htdocs\hts\app\controllers\public\Navbar.php 14
ERROR - 28-04-2017 22:36:50 --> Severity: Error --> Call to a member function set_cookie() on null C:\xampp\htdocs\hts\app\controllers\public\Navbar.php 14
ERROR - 28-04-2017 22:38:16 --> Severity: Notice --> Undefined property: Navbar::$cookie C:\xampp\htdocs\hts\app\controllers\public\Navbar.php 15
ERROR - 28-04-2017 22:38:16 --> Severity: Error --> Call to a member function set_cookie() on null C:\xampp\htdocs\hts\app\controllers\public\Navbar.php 15
ERROR - 28-04-2017 22:38:18 --> Severity: Notice --> Undefined property: Navbar::$cookie C:\xampp\htdocs\hts\app\controllers\public\Navbar.php 15
ERROR - 28-04-2017 22:38:18 --> Severity: Error --> Call to a member function set_cookie() on null C:\xampp\htdocs\hts\app\controllers\public\Navbar.php 15
ERROR - 28-04-2017 22:38:22 --> Severity: Runtime Notice --> Only variables should be passed by reference C:\xampp\htdocs\hts\app\controllers\public\Home.php 17
ERROR - 28-04-2017 23:44:29 --> Severity: Runtime Notice --> Only variables should be passed by reference C:\xampp\htdocs\hts\app\controllers\doctor\Login.php 22
ERROR - 28-04-2017 22:48:23 --> Severity: Notice --> Undefined variable: nav_pro_dashboard C:\xampp\htdocs\hts\app\views\templates\header.php 13
ERROR - 28-04-2017 22:48:51 --> 404 Page Not Found: Dashboard/app
ERROR - 28-04-2017 22:48:56 --> 404 Page Not Found: Dashboard/app
ERROR - 28-04-2017 22:49:29 --> 404 Page Not Found: Dashboard/app
ERROR - 28-04-2017 22:51:49 --> Severity: Warning --> preg_match() expects parameter 2 to be string, array given C:\xampp\htdocs\hts\sys\core\Lang.php 109
ERROR - 28-04-2017 22:51:49 --> Severity: Warning --> preg_match() expects parameter 2 to be string, array given C:\xampp\htdocs\hts\sys\core\Lang.php 109
ERROR - 28-04-2017 23:52:04 --> Severity: Warning --> preg_match() expects parameter 2 to be string, array given C:\xampp\htdocs\hts\sys\core\Lang.php 109
ERROR - 28-04-2017 23:52:04 --> Severity: Warning --> preg_match() expects parameter 2 to be string, array given C:\xampp\htdocs\hts\sys\core\Lang.php 109
ERROR - 28-04-2017 23:52:50 --> Severity: Warning --> preg_match() expects parameter 2 to be string, array given C:\xampp\htdocs\hts\sys\core\Lang.php 109
ERROR - 28-04-2017 23:52:50 --> Severity: Warning --> preg_match() expects parameter 2 to be string, array given C:\xampp\htdocs\hts\sys\core\Lang.php 109
ERROR - 28-04-2017 23:52:51 --> Severity: Warning --> preg_match() expects parameter 2 to be string, array given C:\xampp\htdocs\hts\sys\core\Lang.php 109
ERROR - 28-04-2017 23:52:51 --> Severity: Warning --> preg_match() expects parameter 2 to be string, array given C:\xampp\htdocs\hts\sys\core\Lang.php 109
